[2026-05-20T01:45:12.993+0000] {taskinstance.py:1956} INFO - Dependencies all met for dep_context=non-requeueable deps ti=<TaskInstance: canal_moins_viewing_events_pipeline.log_pipeline_summary scheduled__2026-05-20T01:30:00+00:00 [queued]>
[2026-05-20T01:45:13.050+0000] {taskinstance.py:1956} INFO - Dependencies all met for dep_context=requeueable deps ti=<TaskInstance: canal_moins_viewing_events_pipeline.log_pipeline_summary scheduled__2026-05-20T01:30:00+00:00 [queued]>
[2026-05-20T01:45:13.052+0000] {taskinstance.py:2170} INFO - Starting attempt 1 of 3
[2026-05-20T01:45:13.090+0000] {taskinstance.py:2191} INFO - Executing <Task(PythonOperator): log_pipeline_summary> on 2026-05-20 01:30:00+00:00
[2026-05-20T01:45:13.101+0000] {standard_task_runner.py:60} INFO - Started process 2586 to run task
[2026-05-20T01:45:13.111+0000] {standard_task_runner.py:87} INFO - Running: ['***', 'tasks', 'run', 'canal_moins_viewing_events_pipeline', 'log_pipeline_summary', 'scheduled__2026-05-20T01:30:00+00:00', '--job-id', '49', '--raw', '--subdir', 'DAGS_FOLDER/canal_moins_pipeline.py', '--cfg-path', '/tmp/tmpji4575_l']
[2026-05-20T01:45:13.120+0000] {standard_task_runner.py:88} INFO - Job 49: Subtask log_pipeline_summary
[2026-05-20T01:45:13.368+0000] {task_command.py:423} INFO - Running <TaskInstance: canal_moins_viewing_events_pipeline.log_pipeline_summary scheduled__2026-05-20T01:30:00+00:00 [running]> on host c0d6bab3a033
[2026-05-20T01:45:13.725+0000] {taskinstance.py:2480} INFO - Exporting env vars: AIRFLOW_CTX_DAG_OWNER='canal-moins-data-team' AIRFLOW_CTX_DAG_ID='canal_moins_viewing_events_pipeline' AIRFLOW_CTX_TASK_ID='log_pipeline_summary' AIRFLOW_CTX_EXECUTION_DATE='2026-05-20T01:30:00+00:00' AIRFLOW_CTX_TRY_NUMBER='1' AIRFLOW_CTX_DAG_RUN_ID='scheduled__2026-05-20T01:30:00+00:00'
[2026-05-20T01:45:13.865+0000] {canal_moins_pipeline.py:515} INFO - ============================================================
[2026-05-20T01:45:13.867+0000] {canal_moins_pipeline.py:516} INFO - 🏁 CANAL MOINS PIPELINE RUN SUMMARY
[2026-05-20T01:45:13.868+0000] {canal_moins_pipeline.py:517} INFO - ============================================================
[2026-05-20T01:45:13.870+0000] {canal_moins_pipeline.py:518} INFO -   Bronze events ingested : 500
[2026-05-20T01:45:13.871+0000] {canal_moins_pipeline.py:519} INFO -   Quality score          : 100.0%
[2026-05-20T01:45:13.872+0000] {canal_moins_pipeline.py:520} INFO -   Silver rows transformed: 18,000
[2026-05-20T01:45:13.873+0000] {canal_moins_pipeline.py:521} INFO -   Gold churn features    : 100
[2026-05-20T01:45:13.874+0000] {canal_moins_pipeline.py:522} INFO -   Status                 : ✅ SUCCESS
[2026-05-20T01:45:13.875+0000] {canal_moins_pipeline.py:523} INFO - ============================================================
[2026-05-20T01:45:13.876+0000] {python.py:201} INFO - Done. Returned value was: {'bronze': 500, 'quality': 100.0, 'silver': 18000, 'gold': 100}
[2026-05-20T01:45:13.947+0000] {taskinstance.py:1138} INFO - Marking task as SUCCESS. dag_id=canal_moins_viewing_events_pipeline, task_id=log_pipeline_summary, execution_date=20260520T013000, start_date=20260520T014512, end_date=20260520T014513
[2026-05-20T01:45:14.013+0000] {local_task_job_runner.py:234} INFO - Task exited with return code 0
[2026-05-20T01:45:14.061+0000] {taskinstance.py:3280} INFO - 0 downstream tasks scheduled from follow-on schedule check
