[2026-05-19T16:30:07.959+0000] {taskinstance.py:1956} INFO - Dependencies all met for dep_context=non-requeueable deps ti=<TaskInstance: canal_moins_viewing_events_pipeline.run_quality_checks scheduled__2026-05-19T16:15:00+00:00 [queued]>
[2026-05-19T16:30:07.995+0000] {taskinstance.py:1956} INFO - Dependencies all met for dep_context=requeueable deps ti=<TaskInstance: canal_moins_viewing_events_pipeline.run_quality_checks scheduled__2026-05-19T16:15:00+00:00 [queued]>
[2026-05-19T16:30:07.998+0000] {taskinstance.py:2170} INFO - Starting attempt 1 of 3
[2026-05-19T16:30:08.043+0000] {taskinstance.py:2191} INFO - Executing <Task(PythonOperator): run_quality_checks> on 2026-05-19 16:15:00+00:00
[2026-05-19T16:30:08.057+0000] {standard_task_runner.py:60} INFO - Started process 2047 to run task
[2026-05-19T16:30:08.066+0000] {standard_task_runner.py:87} INFO - Running: ['***', 'tasks', 'run', 'canal_moins_viewing_events_pipeline', 'run_quality_checks', 'scheduled__2026-05-19T16:15:00+00:00', '--job-id', '22', '--raw', '--subdir', 'DAGS_FOLDER/canal_moins_pipeline.py', '--cfg-path', '/tmp/tmpwosowr6l']
[2026-05-19T16:30:08.074+0000] {standard_task_runner.py:88} INFO - Job 22: Subtask run_quality_checks
[2026-05-19T16:30:08.326+0000] {task_command.py:423} INFO - Running <TaskInstance: canal_moins_viewing_events_pipeline.run_quality_checks scheduled__2026-05-19T16:15:00+00:00 [running]> on host c0d6bab3a033
[2026-05-19T16:30:08.646+0000] {taskinstance.py:2480} INFO - Exporting env vars: AIRFLOW_CTX_DAG_OWNER='canal-moins-data-team' AIRFLOW_CTX_DAG_ID='canal_moins_viewing_events_pipeline' AIRFLOW_CTX_TASK_ID='run_quality_checks' AIRFLOW_CTX_EXECUTION_DATE='2026-05-19T16:15:00+00:00' AIRFLOW_CTX_TRY_NUMBER='1' AIRFLOW_CTX_DAG_RUN_ID='scheduled__2026-05-19T16:15:00+00:00'
[2026-05-19T16:30:08.652+0000] {canal_moins_pipeline.py:203} INFO - 🔍 Running data quality checks on Bronze layer...
[2026-05-19T16:30:08.694+0000] {canal_moins_pipeline.py:265} INFO - 📊 Quality Report:
[2026-05-19T16:30:08.696+0000] {canal_moins_pipeline.py:267} INFO -   total_rows: 2000
[2026-05-19T16:30:08.697+0000] {canal_moins_pipeline.py:267} INFO -   null_subscribers: 0
[2026-05-19T16:30:08.699+0000] {canal_moins_pipeline.py:267} INFO -   invalid_completion: 0
[2026-05-19T16:30:08.700+0000] {canal_moins_pipeline.py:267} INFO -   unknown_countries: 0
[2026-05-19T16:30:08.701+0000] {canal_moins_pipeline.py:267} INFO -   fresh_rows: 2000
[2026-05-19T16:30:08.703+0000] {canal_moins_pipeline.py:267} INFO -   quality_score: 100.0
[2026-05-19T16:30:08.704+0000] {canal_moins_pipeline.py:275} INFO - ✅ Quality check passed: 100.0%
[2026-05-19T16:30:08.757+0000] {python.py:201} INFO - Done. Returned value was: 100.0
[2026-05-19T16:30:08.910+0000] {taskinstance.py:1138} INFO - Marking task as SUCCESS. dag_id=canal_moins_viewing_events_pipeline, task_id=run_quality_checks, execution_date=20260519T161500, start_date=20260519T163007, end_date=20260519T163008
[2026-05-19T16:30:09.010+0000] {local_task_job_runner.py:234} INFO - Task exited with return code 0
[2026-05-19T16:30:09.216+0000] {taskinstance.py:3280} INFO - 1 downstream tasks scheduled from follow-on schedule check
