[2026-05-19T16:30:17.959+0000] {taskinstance.py:1956} INFO - Dependencies all met for dep_context=non-requeueable deps ti=<TaskInstance: canal_moins_viewing_events_pipeline.log_pipeline_summary scheduled__2026-05-19T16:15:00+00:00 [queued]>
[2026-05-19T16:30:17.981+0000] {taskinstance.py:1956} INFO - Dependencies all met for dep_context=requeueable deps ti=<TaskInstance: canal_moins_viewing_events_pipeline.log_pipeline_summary scheduled__2026-05-19T16:15:00+00:00 [queued]>
[2026-05-19T16:30:17.983+0000] {taskinstance.py:2170} INFO - Starting attempt 1 of 3
[2026-05-19T16:30:18.015+0000] {taskinstance.py:2191} INFO - Executing <Task(PythonOperator): log_pipeline_summary> on 2026-05-19 16:15:00+00:00
[2026-05-19T16:30:18.023+0000] {standard_task_runner.py:60} INFO - Started process 2053 to run task
[2026-05-19T16:30:18.029+0000] {standard_task_runner.py:87} INFO - Running: ['***', 'tasks', 'run', 'canal_moins_viewing_events_pipeline', 'log_pipeline_summary', 'scheduled__2026-05-19T16:15:00+00:00', '--job-id', '25', '--raw', '--subdir', 'DAGS_FOLDER/canal_moins_pipeline.py', '--cfg-path', '/tmp/tmpm8pk7b4a']
[2026-05-19T16:30:18.034+0000] {standard_task_runner.py:88} INFO - Job 25: Subtask log_pipeline_summary
[2026-05-19T16:30:18.191+0000] {task_command.py:423} INFO - Running <TaskInstance: canal_moins_viewing_events_pipeline.log_pipeline_summary scheduled__2026-05-19T16:15:00+00:00 [running]> on host c0d6bab3a033
[2026-05-19T16:30:18.386+0000] {taskinstance.py:2480} INFO - Exporting env vars: AIRFLOW_CTX_DAG_OWNER='canal-moins-data-team' AIRFLOW_CTX_DAG_ID='canal_moins_viewing_events_pipeline' AIRFLOW_CTX_TASK_ID='log_pipeline_summary' AIRFLOW_CTX_EXECUTION_DATE='2026-05-19T16:15:00+00:00' AIRFLOW_CTX_TRY_NUMBER='1' AIRFLOW_CTX_DAG_RUN_ID='scheduled__2026-05-19T16:15:00+00:00'
[2026-05-19T16:30:18.503+0000] {canal_moins_pipeline.py:515} INFO - ============================================================
[2026-05-19T16:30:18.504+0000] {canal_moins_pipeline.py:516} INFO - 🏁 CANAL MOINS PIPELINE RUN SUMMARY
[2026-05-19T16:30:18.506+0000] {canal_moins_pipeline.py:517} INFO - ============================================================
[2026-05-19T16:30:18.508+0000] {canal_moins_pipeline.py:518} INFO -   Bronze events ingested : 500
[2026-05-19T16:30:18.510+0000] {canal_moins_pipeline.py:519} INFO -   Quality score          : 100.0%
[2026-05-19T16:30:18.511+0000] {canal_moins_pipeline.py:520} INFO -   Silver rows transformed: 5,000
[2026-05-19T16:30:18.512+0000] {canal_moins_pipeline.py:521} INFO -   Gold churn features    : 100
[2026-05-19T16:30:18.514+0000] {canal_moins_pipeline.py:522} INFO -   Status                 : ✅ SUCCESS
[2026-05-19T16:30:18.515+0000] {canal_moins_pipeline.py:523} INFO - ============================================================
[2026-05-19T16:30:18.516+0000] {python.py:201} INFO - Done. Returned value was: {'bronze': 500, 'quality': 100.0, 'silver': 5000, 'gold': 100}
[2026-05-19T16:30:18.593+0000] {taskinstance.py:1138} INFO - Marking task as SUCCESS. dag_id=canal_moins_viewing_events_pipeline, task_id=log_pipeline_summary, execution_date=20260519T161500, start_date=20260519T163017, end_date=20260519T163018
[2026-05-19T16:30:18.646+0000] {local_task_job_runner.py:234} INFO - Task exited with return code 0
[2026-05-19T16:30:18.685+0000] {taskinstance.py:3280} INFO - 0 downstream tasks scheduled from follow-on schedule check
