[2026-05-20T01:09:26.466+0000] {processor.py:161} INFO - Started process (PID=2096) to work on /opt/airflow/dags/canal_moins_pipeline.py
[2026-05-20T01:09:26.469+0000] {processor.py:830} INFO - Processing file /opt/airflow/dags/canal_moins_pipeline.py for tasks to queue
[2026-05-20T01:09:26.471+0000] {logging_mixin.py:188} INFO - [2026-05-20T01:09:26.471+0000] {dagbag.py:538} INFO - Filling up the DagBag from /opt/airflow/dags/canal_moins_pipeline.py
[2026-05-20T01:09:26.538+0000] {processor.py:840} INFO - DAG(s) 'canal_moins_viewing_events_pipeline' retrieved from /opt/airflow/dags/canal_moins_pipeline.py
[2026-05-20T01:09:26.939+0000] {logging_mixin.py:188} INFO - [2026-05-20T01:09:26.938+0000] {dag.py:3036} INFO - Sync 1 DAGs
[2026-05-20T01:09:27.013+0000] {logging_mixin.py:188} INFO - [2026-05-20T01:09:27.013+0000] {dag.py:3823} INFO - Setting next_dagrun for canal_moins_viewing_events_pipeline to 2026-05-20 01:00:00+00:00, run_after=2026-05-20 01:15:00+00:00
[2026-05-20T01:09:27.134+0000] {processor.py:183} INFO - Processing /opt/airflow/dags/canal_moins_pipeline.py took 0.673 seconds
[2026-05-20T01:09:58.125+0000] {processor.py:161} INFO - Started process (PID=2107) to work on /opt/airflow/dags/canal_moins_pipeline.py
[2026-05-20T01:09:58.130+0000] {processor.py:830} INFO - Processing file /opt/airflow/dags/canal_moins_pipeline.py for tasks to queue
[2026-05-20T01:09:58.135+0000] {logging_mixin.py:188} INFO - [2026-05-20T01:09:58.133+0000] {dagbag.py:538} INFO - Filling up the DagBag from /opt/airflow/dags/canal_moins_pipeline.py
[2026-05-20T01:09:58.274+0000] {processor.py:840} INFO - DAG(s) 'canal_moins_viewing_events_pipeline' retrieved from /opt/airflow/dags/canal_moins_pipeline.py
[2026-05-20T01:09:58.348+0000] {logging_mixin.py:188} INFO - [2026-05-20T01:09:58.348+0000] {dag.py:3036} INFO - Sync 1 DAGs
[2026-05-20T01:09:58.413+0000] {logging_mixin.py:188} INFO - [2026-05-20T01:09:58.412+0000] {dag.py:3823} INFO - Setting next_dagrun for canal_moins_viewing_events_pipeline to 2026-05-20 01:00:00+00:00, run_after=2026-05-20 01:15:00+00:00
[2026-05-20T01:09:58.573+0000] {processor.py:183} INFO - Processing /opt/airflow/dags/canal_moins_pipeline.py took 0.457 seconds
[2026-05-20T01:10:29.085+0000] {processor.py:161} INFO - Started process (PID=2118) to work on /opt/airflow/dags/canal_moins_pipeline.py
[2026-05-20T01:10:29.086+0000] {processor.py:830} INFO - Processing file /opt/airflow/dags/canal_moins_pipeline.py for tasks to queue
[2026-05-20T01:10:29.088+0000] {logging_mixin.py:188} INFO - [2026-05-20T01:10:29.087+0000] {dagbag.py:538} INFO - Filling up the DagBag from /opt/airflow/dags/canal_moins_pipeline.py
[2026-05-20T01:10:29.117+0000] {processor.py:840} INFO - DAG(s) 'canal_moins_viewing_events_pipeline' retrieved from /opt/airflow/dags/canal_moins_pipeline.py
[2026-05-20T01:10:29.145+0000] {logging_mixin.py:188} INFO - [2026-05-20T01:10:29.144+0000] {dag.py:3036} INFO - Sync 1 DAGs
[2026-05-20T01:10:29.172+0000] {logging_mixin.py:188} INFO - [2026-05-20T01:10:29.171+0000] {dag.py:3823} INFO - Setting next_dagrun for canal_moins_viewing_events_pipeline to 2026-05-20 01:00:00+00:00, run_after=2026-05-20 01:15:00+00:00
[2026-05-20T01:10:29.214+0000] {processor.py:183} INFO - Processing /opt/airflow/dags/canal_moins_pipeline.py took 0.132 seconds
[2026-05-20T01:10:59.375+0000] {processor.py:161} INFO - Started process (PID=2129) to work on /opt/airflow/dags/canal_moins_pipeline.py
[2026-05-20T01:10:59.377+0000] {processor.py:830} INFO - Processing file /opt/airflow/dags/canal_moins_pipeline.py for tasks to queue
[2026-05-20T01:10:59.378+0000] {logging_mixin.py:188} INFO - [2026-05-20T01:10:59.378+0000] {dagbag.py:538} INFO - Filling up the DagBag from /opt/airflow/dags/canal_moins_pipeline.py
[2026-05-20T01:10:59.411+0000] {processor.py:840} INFO - DAG(s) 'canal_moins_viewing_events_pipeline' retrieved from /opt/airflow/dags/canal_moins_pipeline.py
[2026-05-20T01:10:59.436+0000] {logging_mixin.py:188} INFO - [2026-05-20T01:10:59.436+0000] {dag.py:3036} INFO - Sync 1 DAGs
[2026-05-20T01:10:59.458+0000] {logging_mixin.py:188} INFO - [2026-05-20T01:10:59.457+0000] {dag.py:3823} INFO - Setting next_dagrun for canal_moins_viewing_events_pipeline to 2026-05-20 01:00:00+00:00, run_after=2026-05-20 01:15:00+00:00
[2026-05-20T01:10:59.479+0000] {processor.py:183} INFO - Processing /opt/airflow/dags/canal_moins_pipeline.py took 0.107 seconds
[2026-05-20T01:11:29.625+0000] {processor.py:161} INFO - Started process (PID=2140) to work on /opt/airflow/dags/canal_moins_pipeline.py
[2026-05-20T01:11:29.626+0000] {processor.py:830} INFO - Processing file /opt/airflow/dags/canal_moins_pipeline.py for tasks to queue
[2026-05-20T01:11:29.627+0000] {logging_mixin.py:188} INFO - [2026-05-20T01:11:29.627+0000] {dagbag.py:538} INFO - Filling up the DagBag from /opt/airflow/dags/canal_moins_pipeline.py
[2026-05-20T01:11:29.647+0000] {processor.py:840} INFO - DAG(s) 'canal_moins_viewing_events_pipeline' retrieved from /opt/airflow/dags/canal_moins_pipeline.py
[2026-05-20T01:11:29.710+0000] {logging_mixin.py:188} INFO - [2026-05-20T01:11:29.710+0000] {dag.py:3036} INFO - Sync 1 DAGs
[2026-05-20T01:11:29.782+0000] {logging_mixin.py:188} INFO - [2026-05-20T01:11:29.782+0000] {dag.py:3823} INFO - Setting next_dagrun for canal_moins_viewing_events_pipeline to 2026-05-20 01:00:00+00:00, run_after=2026-05-20 01:15:00+00:00
[2026-05-20T01:11:29.813+0000] {processor.py:183} INFO - Processing /opt/airflow/dags/canal_moins_pipeline.py took 0.191 seconds
[2026-05-20T01:12:00.060+0000] {processor.py:161} INFO - Started process (PID=2151) to work on /opt/airflow/dags/canal_moins_pipeline.py
[2026-05-20T01:12:00.061+0000] {processor.py:830} INFO - Processing file /opt/airflow/dags/canal_moins_pipeline.py for tasks to queue
[2026-05-20T01:12:00.063+0000] {logging_mixin.py:188} INFO - [2026-05-20T01:12:00.062+0000] {dagbag.py:538} INFO - Filling up the DagBag from /opt/airflow/dags/canal_moins_pipeline.py
[2026-05-20T01:12:00.097+0000] {processor.py:840} INFO - DAG(s) 'canal_moins_viewing_events_pipeline' retrieved from /opt/airflow/dags/canal_moins_pipeline.py
[2026-05-20T01:12:00.132+0000] {logging_mixin.py:188} INFO - [2026-05-20T01:12:00.131+0000] {dag.py:3036} INFO - Sync 1 DAGs
[2026-05-20T01:12:00.167+0000] {logging_mixin.py:188} INFO - [2026-05-20T01:12:00.166+0000] {dag.py:3823} INFO - Setting next_dagrun for canal_moins_viewing_events_pipeline to 2026-05-20 01:00:00+00:00, run_after=2026-05-20 01:15:00+00:00
[2026-05-20T01:12:00.200+0000] {processor.py:183} INFO - Processing /opt/airflow/dags/canal_moins_pipeline.py took 0.143 seconds
[2026-05-20T01:12:30.318+0000] {processor.py:161} INFO - Started process (PID=2162) to work on /opt/airflow/dags/canal_moins_pipeline.py
[2026-05-20T01:12:30.319+0000] {processor.py:830} INFO - Processing file /opt/airflow/dags/canal_moins_pipeline.py for tasks to queue
[2026-05-20T01:12:30.322+0000] {logging_mixin.py:188} INFO - [2026-05-20T01:12:30.321+0000] {dagbag.py:538} INFO - Filling up the DagBag from /opt/airflow/dags/canal_moins_pipeline.py
[2026-05-20T01:12:30.359+0000] {processor.py:840} INFO - DAG(s) 'canal_moins_viewing_events_pipeline' retrieved from /opt/airflow/dags/canal_moins_pipeline.py
[2026-05-20T01:12:30.395+0000] {logging_mixin.py:188} INFO - [2026-05-20T01:12:30.394+0000] {dag.py:3036} INFO - Sync 1 DAGs
[2026-05-20T01:12:30.422+0000] {logging_mixin.py:188} INFO - [2026-05-20T01:12:30.422+0000] {dag.py:3823} INFO - Setting next_dagrun for canal_moins_viewing_events_pipeline to 2026-05-20 01:00:00+00:00, run_after=2026-05-20 01:15:00+00:00
[2026-05-20T01:12:30.454+0000] {processor.py:183} INFO - Processing /opt/airflow/dags/canal_moins_pipeline.py took 0.139 seconds
[2026-05-20T01:13:00.831+0000] {processor.py:161} INFO - Started process (PID=2173) to work on /opt/airflow/dags/canal_moins_pipeline.py
[2026-05-20T01:13:00.832+0000] {processor.py:830} INFO - Processing file /opt/airflow/dags/canal_moins_pipeline.py for tasks to queue
[2026-05-20T01:13:00.833+0000] {logging_mixin.py:188} INFO - [2026-05-20T01:13:00.833+0000] {dagbag.py:538} INFO - Filling up the DagBag from /opt/airflow/dags/canal_moins_pipeline.py
[2026-05-20T01:13:00.856+0000] {processor.py:840} INFO - DAG(s) 'canal_moins_viewing_events_pipeline' retrieved from /opt/airflow/dags/canal_moins_pipeline.py
[2026-05-20T01:13:00.881+0000] {logging_mixin.py:188} INFO - [2026-05-20T01:13:00.881+0000] {dag.py:3036} INFO - Sync 1 DAGs
[2026-05-20T01:13:00.902+0000] {logging_mixin.py:188} INFO - [2026-05-20T01:13:00.902+0000] {dag.py:3823} INFO - Setting next_dagrun for canal_moins_viewing_events_pipeline to 2026-05-20 01:00:00+00:00, run_after=2026-05-20 01:15:00+00:00
[2026-05-20T01:13:00.923+0000] {processor.py:183} INFO - Processing /opt/airflow/dags/canal_moins_pipeline.py took 0.095 seconds
[2026-05-20T01:13:31.100+0000] {processor.py:161} INFO - Started process (PID=2184) to work on /opt/airflow/dags/canal_moins_pipeline.py
[2026-05-20T01:13:31.102+0000] {processor.py:830} INFO - Processing file /opt/airflow/dags/canal_moins_pipeline.py for tasks to queue
[2026-05-20T01:13:31.103+0000] {logging_mixin.py:188} INFO - [2026-05-20T01:13:31.102+0000] {dagbag.py:538} INFO - Filling up the DagBag from /opt/airflow/dags/canal_moins_pipeline.py
[2026-05-20T01:13:31.128+0000] {processor.py:840} INFO - DAG(s) 'canal_moins_viewing_events_pipeline' retrieved from /opt/airflow/dags/canal_moins_pipeline.py
[2026-05-20T01:13:31.167+0000] {logging_mixin.py:188} INFO - [2026-05-20T01:13:31.167+0000] {dag.py:3036} INFO - Sync 1 DAGs
[2026-05-20T01:13:31.225+0000] {logging_mixin.py:188} INFO - [2026-05-20T01:13:31.225+0000] {dag.py:3823} INFO - Setting next_dagrun for canal_moins_viewing_events_pipeline to 2026-05-20 01:00:00+00:00, run_after=2026-05-20 01:15:00+00:00
[2026-05-20T01:13:31.265+0000] {processor.py:183} INFO - Processing /opt/airflow/dags/canal_moins_pipeline.py took 0.169 seconds
[2026-05-20T01:14:01.565+0000] {processor.py:161} INFO - Started process (PID=2195) to work on /opt/airflow/dags/canal_moins_pipeline.py
[2026-05-20T01:14:01.567+0000] {processor.py:830} INFO - Processing file /opt/airflow/dags/canal_moins_pipeline.py for tasks to queue
[2026-05-20T01:14:01.570+0000] {logging_mixin.py:188} INFO - [2026-05-20T01:14:01.569+0000] {dagbag.py:538} INFO - Filling up the DagBag from /opt/airflow/dags/canal_moins_pipeline.py
[2026-05-20T01:14:01.624+0000] {processor.py:840} INFO - DAG(s) 'canal_moins_viewing_events_pipeline' retrieved from /opt/airflow/dags/canal_moins_pipeline.py
[2026-05-20T01:14:01.666+0000] {logging_mixin.py:188} INFO - [2026-05-20T01:14:01.666+0000] {dag.py:3036} INFO - Sync 1 DAGs
[2026-05-20T01:14:01.702+0000] {logging_mixin.py:188} INFO - [2026-05-20T01:14:01.702+0000] {dag.py:3823} INFO - Setting next_dagrun for canal_moins_viewing_events_pipeline to 2026-05-20 01:00:00+00:00, run_after=2026-05-20 01:15:00+00:00
[2026-05-20T01:14:01.738+0000] {processor.py:183} INFO - Processing /opt/airflow/dags/canal_moins_pipeline.py took 0.178 seconds
[2026-05-20T01:29:21.397+0000] {processor.py:161} INFO - Started process (PID=2203) to work on /opt/airflow/dags/canal_moins_pipeline.py
[2026-05-20T01:29:21.406+0000] {processor.py:830} INFO - Processing file /opt/airflow/dags/canal_moins_pipeline.py for tasks to queue
[2026-05-20T01:29:21.412+0000] {logging_mixin.py:188} INFO - [2026-05-20T01:29:21.411+0000] {dagbag.py:538} INFO - Filling up the DagBag from /opt/airflow/dags/canal_moins_pipeline.py
[2026-05-20T01:29:21.486+0000] {processor.py:840} INFO - DAG(s) 'canal_moins_viewing_events_pipeline' retrieved from /opt/airflow/dags/canal_moins_pipeline.py
[2026-05-20T01:29:21.802+0000] {logging_mixin.py:188} INFO - [2026-05-20T01:29:21.801+0000] {dag.py:3036} INFO - Sync 1 DAGs
[2026-05-20T01:29:22.037+0000] {processor.py:183} INFO - Processing /opt/airflow/dags/canal_moins_pipeline.py took 0.651 seconds
[2026-05-20T01:29:52.426+0000] {processor.py:161} INFO - Started process (PID=2225) to work on /opt/airflow/dags/canal_moins_pipeline.py
[2026-05-20T01:29:52.429+0000] {processor.py:830} INFO - Processing file /opt/airflow/dags/canal_moins_pipeline.py for tasks to queue
[2026-05-20T01:29:52.432+0000] {logging_mixin.py:188} INFO - [2026-05-20T01:29:52.431+0000] {dagbag.py:538} INFO - Filling up the DagBag from /opt/airflow/dags/canal_moins_pipeline.py
[2026-05-20T01:29:52.518+0000] {processor.py:840} INFO - DAG(s) 'canal_moins_viewing_events_pipeline' retrieved from /opt/airflow/dags/canal_moins_pipeline.py
[2026-05-20T01:29:52.893+0000] {logging_mixin.py:188} INFO - [2026-05-20T01:29:52.893+0000] {dag.py:3036} INFO - Sync 1 DAGs
[2026-05-20T01:29:53.071+0000] {logging_mixin.py:188} INFO - [2026-05-20T01:29:53.071+0000] {dag.py:3823} INFO - Setting next_dagrun for canal_moins_viewing_events_pipeline to 2026-05-20 01:15:00+00:00, run_after=2026-05-20 01:30:00+00:00
[2026-05-20T01:29:53.132+0000] {processor.py:183} INFO - Processing /opt/airflow/dags/canal_moins_pipeline.py took 0.712 seconds
[2026-05-20T01:30:23.554+0000] {processor.py:161} INFO - Started process (PID=2248) to work on /opt/airflow/dags/canal_moins_pipeline.py
[2026-05-20T01:30:23.556+0000] {processor.py:830} INFO - Processing file /opt/airflow/dags/canal_moins_pipeline.py for tasks to queue
[2026-05-20T01:30:23.558+0000] {logging_mixin.py:188} INFO - [2026-05-20T01:30:23.557+0000] {dagbag.py:538} INFO - Filling up the DagBag from /opt/airflow/dags/canal_moins_pipeline.py
[2026-05-20T01:30:23.611+0000] {processor.py:840} INFO - DAG(s) 'canal_moins_viewing_events_pipeline' retrieved from /opt/airflow/dags/canal_moins_pipeline.py
[2026-05-20T01:30:23.670+0000] {logging_mixin.py:188} INFO - [2026-05-20T01:30:23.669+0000] {dag.py:3036} INFO - Sync 1 DAGs
[2026-05-20T01:30:23.716+0000] {logging_mixin.py:188} INFO - [2026-05-20T01:30:23.715+0000] {dag.py:3823} INFO - Setting next_dagrun for canal_moins_viewing_events_pipeline to 2026-05-20 01:30:00+00:00, run_after=2026-05-20 01:45:00+00:00
[2026-05-20T01:30:23.759+0000] {processor.py:183} INFO - Processing /opt/airflow/dags/canal_moins_pipeline.py took 0.211 seconds
[2026-05-20T01:30:53.951+0000] {processor.py:161} INFO - Started process (PID=2260) to work on /opt/airflow/dags/canal_moins_pipeline.py
[2026-05-20T01:30:53.954+0000] {processor.py:830} INFO - Processing file /opt/airflow/dags/canal_moins_pipeline.py for tasks to queue
[2026-05-20T01:30:53.956+0000] {logging_mixin.py:188} INFO - [2026-05-20T01:30:53.956+0000] {dagbag.py:538} INFO - Filling up the DagBag from /opt/airflow/dags/canal_moins_pipeline.py
[2026-05-20T01:30:54.048+0000] {processor.py:840} INFO - DAG(s) 'canal_moins_viewing_events_pipeline' retrieved from /opt/airflow/dags/canal_moins_pipeline.py
[2026-05-20T01:30:54.109+0000] {logging_mixin.py:188} INFO - [2026-05-20T01:30:54.109+0000] {dag.py:3036} INFO - Sync 1 DAGs
[2026-05-20T01:30:54.167+0000] {logging_mixin.py:188} INFO - [2026-05-20T01:30:54.167+0000] {dag.py:3823} INFO - Setting next_dagrun for canal_moins_viewing_events_pipeline to 2026-05-20 01:30:00+00:00, run_after=2026-05-20 01:45:00+00:00
[2026-05-20T01:30:54.240+0000] {processor.py:183} INFO - Processing /opt/airflow/dags/canal_moins_pipeline.py took 0.296 seconds
[2026-05-20T01:31:24.443+0000] {processor.py:161} INFO - Started process (PID=2271) to work on /opt/airflow/dags/canal_moins_pipeline.py
[2026-05-20T01:31:24.451+0000] {processor.py:830} INFO - Processing file /opt/airflow/dags/canal_moins_pipeline.py for tasks to queue
[2026-05-20T01:31:24.456+0000] {logging_mixin.py:188} INFO - [2026-05-20T01:31:24.455+0000] {dagbag.py:538} INFO - Filling up the DagBag from /opt/airflow/dags/canal_moins_pipeline.py
[2026-05-20T01:31:24.502+0000] {processor.py:840} INFO - DAG(s) 'canal_moins_viewing_events_pipeline' retrieved from /opt/airflow/dags/canal_moins_pipeline.py
[2026-05-20T01:31:24.558+0000] {logging_mixin.py:188} INFO - [2026-05-20T01:31:24.558+0000] {dag.py:3036} INFO - Sync 1 DAGs
[2026-05-20T01:31:26.534+0000] {logging_mixin.py:188} INFO - [2026-05-20T01:31:26.534+0000] {dag.py:3823} INFO - Setting next_dagrun for canal_moins_viewing_events_pipeline to 2026-05-20 01:30:00+00:00, run_after=2026-05-20 01:45:00+00:00
[2026-05-20T01:31:26.610+0000] {processor.py:183} INFO - Processing /opt/airflow/dags/canal_moins_pipeline.py took 2.175 seconds
[2026-05-20T01:31:56.914+0000] {processor.py:161} INFO - Started process (PID=2282) to work on /opt/airflow/dags/canal_moins_pipeline.py
[2026-05-20T01:31:56.916+0000] {processor.py:830} INFO - Processing file /opt/airflow/dags/canal_moins_pipeline.py for tasks to queue
[2026-05-20T01:31:56.917+0000] {logging_mixin.py:188} INFO - [2026-05-20T01:31:56.917+0000] {dagbag.py:538} INFO - Filling up the DagBag from /opt/airflow/dags/canal_moins_pipeline.py
[2026-05-20T01:31:56.966+0000] {processor.py:840} INFO - DAG(s) 'canal_moins_viewing_events_pipeline' retrieved from /opt/airflow/dags/canal_moins_pipeline.py
[2026-05-20T01:31:57.005+0000] {logging_mixin.py:188} INFO - [2026-05-20T01:31:57.004+0000] {dag.py:3036} INFO - Sync 1 DAGs
[2026-05-20T01:31:57.037+0000] {logging_mixin.py:188} INFO - [2026-05-20T01:31:57.037+0000] {dag.py:3823} INFO - Setting next_dagrun for canal_moins_viewing_events_pipeline to 2026-05-20 01:30:00+00:00, run_after=2026-05-20 01:45:00+00:00
[2026-05-20T01:31:57.081+0000] {processor.py:183} INFO - Processing /opt/airflow/dags/canal_moins_pipeline.py took 0.171 seconds
[2026-05-20T01:32:27.254+0000] {processor.py:161} INFO - Started process (PID=2293) to work on /opt/airflow/dags/canal_moins_pipeline.py
[2026-05-20T01:32:27.256+0000] {processor.py:830} INFO - Processing file /opt/airflow/dags/canal_moins_pipeline.py for tasks to queue
[2026-05-20T01:32:27.259+0000] {logging_mixin.py:188} INFO - [2026-05-20T01:32:27.258+0000] {dagbag.py:538} INFO - Filling up the DagBag from /opt/airflow/dags/canal_moins_pipeline.py
[2026-05-20T01:32:27.330+0000] {processor.py:840} INFO - DAG(s) 'canal_moins_viewing_events_pipeline' retrieved from /opt/airflow/dags/canal_moins_pipeline.py
[2026-05-20T01:32:27.404+0000] {logging_mixin.py:188} INFO - [2026-05-20T01:32:27.403+0000] {dag.py:3036} INFO - Sync 1 DAGs
[2026-05-20T01:32:27.876+0000] {logging_mixin.py:188} INFO - [2026-05-20T01:32:27.875+0000] {dag.py:3823} INFO - Setting next_dagrun for canal_moins_viewing_events_pipeline to 2026-05-20 01:30:00+00:00, run_after=2026-05-20 01:45:00+00:00
[2026-05-20T01:32:27.936+0000] {processor.py:183} INFO - Processing /opt/airflow/dags/canal_moins_pipeline.py took 0.691 seconds
[2026-05-20T01:32:59.000+0000] {processor.py:161} INFO - Started process (PID=2304) to work on /opt/airflow/dags/canal_moins_pipeline.py
[2026-05-20T01:32:59.005+0000] {processor.py:830} INFO - Processing file /opt/airflow/dags/canal_moins_pipeline.py for tasks to queue
[2026-05-20T01:32:59.012+0000] {logging_mixin.py:188} INFO - [2026-05-20T01:32:59.011+0000] {dagbag.py:538} INFO - Filling up the DagBag from /opt/airflow/dags/canal_moins_pipeline.py
[2026-05-20T01:32:59.129+0000] {processor.py:840} INFO - DAG(s) 'canal_moins_viewing_events_pipeline' retrieved from /opt/airflow/dags/canal_moins_pipeline.py
[2026-05-20T01:32:59.281+0000] {logging_mixin.py:188} INFO - [2026-05-20T01:32:59.280+0000] {dag.py:3036} INFO - Sync 1 DAGs
[2026-05-20T01:32:59.428+0000] {logging_mixin.py:188} INFO - [2026-05-20T01:32:59.427+0000] {dag.py:3823} INFO - Setting next_dagrun for canal_moins_viewing_events_pipeline to 2026-05-20 01:30:00+00:00, run_after=2026-05-20 01:45:00+00:00
[2026-05-20T01:32:59.564+0000] {processor.py:183} INFO - Processing /opt/airflow/dags/canal_moins_pipeline.py took 0.581 seconds
[2026-05-20T01:33:30.065+0000] {processor.py:161} INFO - Started process (PID=2315) to work on /opt/airflow/dags/canal_moins_pipeline.py
[2026-05-20T01:33:30.068+0000] {processor.py:830} INFO - Processing file /opt/airflow/dags/canal_moins_pipeline.py for tasks to queue
[2026-05-20T01:33:30.072+0000] {logging_mixin.py:188} INFO - [2026-05-20T01:33:30.071+0000] {dagbag.py:538} INFO - Filling up the DagBag from /opt/airflow/dags/canal_moins_pipeline.py
[2026-05-20T01:33:30.167+0000] {processor.py:840} INFO - DAG(s) 'canal_moins_viewing_events_pipeline' retrieved from /opt/airflow/dags/canal_moins_pipeline.py
[2026-05-20T01:33:30.269+0000] {logging_mixin.py:188} INFO - [2026-05-20T01:33:30.268+0000] {dag.py:3036} INFO - Sync 1 DAGs
[2026-05-20T01:33:30.345+0000] {logging_mixin.py:188} INFO - [2026-05-20T01:33:30.344+0000] {dag.py:3823} INFO - Setting next_dagrun for canal_moins_viewing_events_pipeline to 2026-05-20 01:30:00+00:00, run_after=2026-05-20 01:45:00+00:00
[2026-05-20T01:33:30.399+0000] {processor.py:183} INFO - Processing /opt/airflow/dags/canal_moins_pipeline.py took 0.347 seconds
[2026-05-20T01:34:00.753+0000] {processor.py:161} INFO - Started process (PID=2325) to work on /opt/airflow/dags/canal_moins_pipeline.py
[2026-05-20T01:34:00.756+0000] {processor.py:830} INFO - Processing file /opt/airflow/dags/canal_moins_pipeline.py for tasks to queue
[2026-05-20T01:34:00.759+0000] {logging_mixin.py:188} INFO - [2026-05-20T01:34:00.758+0000] {dagbag.py:538} INFO - Filling up the DagBag from /opt/airflow/dags/canal_moins_pipeline.py
[2026-05-20T01:34:00.849+0000] {processor.py:840} INFO - DAG(s) 'canal_moins_viewing_events_pipeline' retrieved from /opt/airflow/dags/canal_moins_pipeline.py
[2026-05-20T01:34:00.988+0000] {logging_mixin.py:188} INFO - [2026-05-20T01:34:00.987+0000] {dag.py:3036} INFO - Sync 1 DAGs
[2026-05-20T01:34:01.049+0000] {logging_mixin.py:188} INFO - [2026-05-20T01:34:01.048+0000] {dag.py:3823} INFO - Setting next_dagrun for canal_moins_viewing_events_pipeline to 2026-05-20 01:30:00+00:00, run_after=2026-05-20 01:45:00+00:00
[2026-05-20T01:34:01.093+0000] {processor.py:183} INFO - Processing /opt/airflow/dags/canal_moins_pipeline.py took 0.351 seconds
[2026-05-20T01:34:31.501+0000] {processor.py:161} INFO - Started process (PID=2336) to work on /opt/airflow/dags/canal_moins_pipeline.py
[2026-05-20T01:34:31.502+0000] {processor.py:830} INFO - Processing file /opt/airflow/dags/canal_moins_pipeline.py for tasks to queue
[2026-05-20T01:34:31.504+0000] {logging_mixin.py:188} INFO - [2026-05-20T01:34:31.504+0000] {dagbag.py:538} INFO - Filling up the DagBag from /opt/airflow/dags/canal_moins_pipeline.py
[2026-05-20T01:34:31.552+0000] {processor.py:840} INFO - DAG(s) 'canal_moins_viewing_events_pipeline' retrieved from /opt/airflow/dags/canal_moins_pipeline.py
[2026-05-20T01:34:31.588+0000] {logging_mixin.py:188} INFO - [2026-05-20T01:34:31.588+0000] {dag.py:3036} INFO - Sync 1 DAGs
[2026-05-20T01:34:31.622+0000] {logging_mixin.py:188} INFO - [2026-05-20T01:34:31.622+0000] {dag.py:3823} INFO - Setting next_dagrun for canal_moins_viewing_events_pipeline to 2026-05-20 01:30:00+00:00, run_after=2026-05-20 01:45:00+00:00
[2026-05-20T01:34:31.657+0000] {processor.py:183} INFO - Processing /opt/airflow/dags/canal_moins_pipeline.py took 0.161 seconds
[2026-05-20T01:35:01.790+0000] {processor.py:161} INFO - Started process (PID=2347) to work on /opt/airflow/dags/canal_moins_pipeline.py
[2026-05-20T01:35:01.792+0000] {processor.py:830} INFO - Processing file /opt/airflow/dags/canal_moins_pipeline.py for tasks to queue
[2026-05-20T01:35:01.793+0000] {logging_mixin.py:188} INFO - [2026-05-20T01:35:01.793+0000] {dagbag.py:538} INFO - Filling up the DagBag from /opt/airflow/dags/canal_moins_pipeline.py
[2026-05-20T01:35:01.846+0000] {processor.py:840} INFO - DAG(s) 'canal_moins_viewing_events_pipeline' retrieved from /opt/airflow/dags/canal_moins_pipeline.py
[2026-05-20T01:35:01.884+0000] {logging_mixin.py:188} INFO - [2026-05-20T01:35:01.883+0000] {dag.py:3036} INFO - Sync 1 DAGs
[2026-05-20T01:35:01.916+0000] {logging_mixin.py:188} INFO - [2026-05-20T01:35:01.916+0000] {dag.py:3823} INFO - Setting next_dagrun for canal_moins_viewing_events_pipeline to 2026-05-20 01:30:00+00:00, run_after=2026-05-20 01:45:00+00:00
[2026-05-20T01:35:01.942+0000] {processor.py:183} INFO - Processing /opt/airflow/dags/canal_moins_pipeline.py took 0.156 seconds
[2026-05-20T01:35:32.197+0000] {processor.py:161} INFO - Started process (PID=2358) to work on /opt/airflow/dags/canal_moins_pipeline.py
[2026-05-20T01:35:32.199+0000] {processor.py:830} INFO - Processing file /opt/airflow/dags/canal_moins_pipeline.py for tasks to queue
[2026-05-20T01:35:32.201+0000] {logging_mixin.py:188} INFO - [2026-05-20T01:35:32.200+0000] {dagbag.py:538} INFO - Filling up the DagBag from /opt/airflow/dags/canal_moins_pipeline.py
[2026-05-20T01:35:32.239+0000] {processor.py:840} INFO - DAG(s) 'canal_moins_viewing_events_pipeline' retrieved from /opt/airflow/dags/canal_moins_pipeline.py
[2026-05-20T01:35:32.272+0000] {logging_mixin.py:188} INFO - [2026-05-20T01:35:32.272+0000] {dag.py:3036} INFO - Sync 1 DAGs
[2026-05-20T01:35:32.300+0000] {logging_mixin.py:188} INFO - [2026-05-20T01:35:32.300+0000] {dag.py:3823} INFO - Setting next_dagrun for canal_moins_viewing_events_pipeline to 2026-05-20 01:30:00+00:00, run_after=2026-05-20 01:45:00+00:00
[2026-05-20T01:35:32.325+0000] {processor.py:183} INFO - Processing /opt/airflow/dags/canal_moins_pipeline.py took 0.131 seconds
[2026-05-20T01:36:02.455+0000] {processor.py:161} INFO - Started process (PID=2369) to work on /opt/airflow/dags/canal_moins_pipeline.py
[2026-05-20T01:36:02.457+0000] {processor.py:830} INFO - Processing file /opt/airflow/dags/canal_moins_pipeline.py for tasks to queue
[2026-05-20T01:36:02.458+0000] {logging_mixin.py:188} INFO - [2026-05-20T01:36:02.458+0000] {dagbag.py:538} INFO - Filling up the DagBag from /opt/airflow/dags/canal_moins_pipeline.py
[2026-05-20T01:36:02.495+0000] {processor.py:840} INFO - DAG(s) 'canal_moins_viewing_events_pipeline' retrieved from /opt/airflow/dags/canal_moins_pipeline.py
[2026-05-20T01:36:02.525+0000] {logging_mixin.py:188} INFO - [2026-05-20T01:36:02.525+0000] {dag.py:3036} INFO - Sync 1 DAGs
[2026-05-20T01:36:02.554+0000] {logging_mixin.py:188} INFO - [2026-05-20T01:36:02.554+0000] {dag.py:3823} INFO - Setting next_dagrun for canal_moins_viewing_events_pipeline to 2026-05-20 01:30:00+00:00, run_after=2026-05-20 01:45:00+00:00
[2026-05-20T01:36:02.610+0000] {processor.py:183} INFO - Processing /opt/airflow/dags/canal_moins_pipeline.py took 0.158 seconds
[2026-05-20T01:36:32.895+0000] {processor.py:161} INFO - Started process (PID=2381) to work on /opt/airflow/dags/canal_moins_pipeline.py
[2026-05-20T01:36:32.896+0000] {processor.py:830} INFO - Processing file /opt/airflow/dags/canal_moins_pipeline.py for tasks to queue
[2026-05-20T01:36:32.898+0000] {logging_mixin.py:188} INFO - [2026-05-20T01:36:32.897+0000] {dagbag.py:538} INFO - Filling up the DagBag from /opt/airflow/dags/canal_moins_pipeline.py
[2026-05-20T01:36:32.936+0000] {processor.py:840} INFO - DAG(s) 'canal_moins_viewing_events_pipeline' retrieved from /opt/airflow/dags/canal_moins_pipeline.py
[2026-05-20T01:36:32.966+0000] {logging_mixin.py:188} INFO - [2026-05-20T01:36:32.966+0000] {dag.py:3036} INFO - Sync 1 DAGs
[2026-05-20T01:36:32.994+0000] {logging_mixin.py:188} INFO - [2026-05-20T01:36:32.994+0000] {dag.py:3823} INFO - Setting next_dagrun for canal_moins_viewing_events_pipeline to 2026-05-20 01:30:00+00:00, run_after=2026-05-20 01:45:00+00:00
[2026-05-20T01:36:33.029+0000] {processor.py:183} INFO - Processing /opt/airflow/dags/canal_moins_pipeline.py took 0.137 seconds
[2026-05-20T01:37:03.194+0000] {processor.py:161} INFO - Started process (PID=2392) to work on /opt/airflow/dags/canal_moins_pipeline.py
[2026-05-20T01:37:03.196+0000] {processor.py:830} INFO - Processing file /opt/airflow/dags/canal_moins_pipeline.py for tasks to queue
[2026-05-20T01:37:03.197+0000] {logging_mixin.py:188} INFO - [2026-05-20T01:37:03.197+0000] {dagbag.py:538} INFO - Filling up the DagBag from /opt/airflow/dags/canal_moins_pipeline.py
[2026-05-20T01:37:03.235+0000] {processor.py:840} INFO - DAG(s) 'canal_moins_viewing_events_pipeline' retrieved from /opt/airflow/dags/canal_moins_pipeline.py
[2026-05-20T01:37:03.272+0000] {logging_mixin.py:188} INFO - [2026-05-20T01:37:03.271+0000] {dag.py:3036} INFO - Sync 1 DAGs
[2026-05-20T01:37:03.303+0000] {logging_mixin.py:188} INFO - [2026-05-20T01:37:03.303+0000] {dag.py:3823} INFO - Setting next_dagrun for canal_moins_viewing_events_pipeline to 2026-05-20 01:30:00+00:00, run_after=2026-05-20 01:45:00+00:00
[2026-05-20T01:37:03.327+0000] {processor.py:183} INFO - Processing /opt/airflow/dags/canal_moins_pipeline.py took 0.138 seconds
[2026-05-20T01:37:33.632+0000] {processor.py:161} INFO - Started process (PID=2403) to work on /opt/airflow/dags/canal_moins_pipeline.py
[2026-05-20T01:37:33.633+0000] {processor.py:830} INFO - Processing file /opt/airflow/dags/canal_moins_pipeline.py for tasks to queue
[2026-05-20T01:37:33.635+0000] {logging_mixin.py:188} INFO - [2026-05-20T01:37:33.634+0000] {dagbag.py:538} INFO - Filling up the DagBag from /opt/airflow/dags/canal_moins_pipeline.py
[2026-05-20T01:37:33.680+0000] {processor.py:840} INFO - DAG(s) 'canal_moins_viewing_events_pipeline' retrieved from /opt/airflow/dags/canal_moins_pipeline.py
[2026-05-20T01:37:33.720+0000] {logging_mixin.py:188} INFO - [2026-05-20T01:37:33.720+0000] {dag.py:3036} INFO - Sync 1 DAGs
[2026-05-20T01:37:33.754+0000] {logging_mixin.py:188} INFO - [2026-05-20T01:37:33.754+0000] {dag.py:3823} INFO - Setting next_dagrun for canal_moins_viewing_events_pipeline to 2026-05-20 01:30:00+00:00, run_after=2026-05-20 01:45:00+00:00
[2026-05-20T01:37:33.796+0000] {processor.py:183} INFO - Processing /opt/airflow/dags/canal_moins_pipeline.py took 0.167 seconds
[2026-05-20T01:38:03.983+0000] {processor.py:161} INFO - Started process (PID=2415) to work on /opt/airflow/dags/canal_moins_pipeline.py
[2026-05-20T01:38:03.987+0000] {processor.py:830} INFO - Processing file /opt/airflow/dags/canal_moins_pipeline.py for tasks to queue
[2026-05-20T01:38:03.991+0000] {logging_mixin.py:188} INFO - [2026-05-20T01:38:03.990+0000] {dagbag.py:538} INFO - Filling up the DagBag from /opt/airflow/dags/canal_moins_pipeline.py
[2026-05-20T01:38:04.059+0000] {processor.py:840} INFO - DAG(s) 'canal_moins_viewing_events_pipeline' retrieved from /opt/airflow/dags/canal_moins_pipeline.py
[2026-05-20T01:38:04.108+0000] {logging_mixin.py:188} INFO - [2026-05-20T01:38:04.108+0000] {dag.py:3036} INFO - Sync 1 DAGs
[2026-05-20T01:38:04.146+0000] {logging_mixin.py:188} INFO - [2026-05-20T01:38:04.146+0000] {dag.py:3823} INFO - Setting next_dagrun for canal_moins_viewing_events_pipeline to 2026-05-20 01:30:00+00:00, run_after=2026-05-20 01:45:00+00:00
[2026-05-20T01:38:04.205+0000] {processor.py:183} INFO - Processing /opt/airflow/dags/canal_moins_pipeline.py took 0.227 seconds
[2026-05-20T01:38:34.352+0000] {processor.py:161} INFO - Started process (PID=2426) to work on /opt/airflow/dags/canal_moins_pipeline.py
[2026-05-20T01:38:34.354+0000] {processor.py:830} INFO - Processing file /opt/airflow/dags/canal_moins_pipeline.py for tasks to queue
[2026-05-20T01:38:34.355+0000] {logging_mixin.py:188} INFO - [2026-05-20T01:38:34.355+0000] {dagbag.py:538} INFO - Filling up the DagBag from /opt/airflow/dags/canal_moins_pipeline.py
[2026-05-20T01:38:34.396+0000] {processor.py:840} INFO - DAG(s) 'canal_moins_viewing_events_pipeline' retrieved from /opt/airflow/dags/canal_moins_pipeline.py
[2026-05-20T01:38:34.436+0000] {logging_mixin.py:188} INFO - [2026-05-20T01:38:34.435+0000] {dag.py:3036} INFO - Sync 1 DAGs
[2026-05-20T01:38:34.471+0000] {logging_mixin.py:188} INFO - [2026-05-20T01:38:34.470+0000] {dag.py:3823} INFO - Setting next_dagrun for canal_moins_viewing_events_pipeline to 2026-05-20 01:30:00+00:00, run_after=2026-05-20 01:45:00+00:00
[2026-05-20T01:38:34.500+0000] {processor.py:183} INFO - Processing /opt/airflow/dags/canal_moins_pipeline.py took 0.153 seconds
[2026-05-20T01:39:04.852+0000] {processor.py:161} INFO - Started process (PID=2437) to work on /opt/airflow/dags/canal_moins_pipeline.py
[2026-05-20T01:39:04.853+0000] {processor.py:830} INFO - Processing file /opt/airflow/dags/canal_moins_pipeline.py for tasks to queue
[2026-05-20T01:39:04.855+0000] {logging_mixin.py:188} INFO - [2026-05-20T01:39:04.855+0000] {dagbag.py:538} INFO - Filling up the DagBag from /opt/airflow/dags/canal_moins_pipeline.py
[2026-05-20T01:39:04.921+0000] {processor.py:840} INFO - DAG(s) 'canal_moins_viewing_events_pipeline' retrieved from /opt/airflow/dags/canal_moins_pipeline.py
[2026-05-20T01:39:04.963+0000] {logging_mixin.py:188} INFO - [2026-05-20T01:39:04.962+0000] {dag.py:3036} INFO - Sync 1 DAGs
[2026-05-20T01:39:04.997+0000] {logging_mixin.py:188} INFO - [2026-05-20T01:39:04.996+0000] {dag.py:3823} INFO - Setting next_dagrun for canal_moins_viewing_events_pipeline to 2026-05-20 01:30:00+00:00, run_after=2026-05-20 01:45:00+00:00
[2026-05-20T01:39:05.043+0000] {processor.py:183} INFO - Processing /opt/airflow/dags/canal_moins_pipeline.py took 0.195 seconds
[2026-05-20T01:39:35.355+0000] {processor.py:161} INFO - Started process (PID=2448) to work on /opt/airflow/dags/canal_moins_pipeline.py
[2026-05-20T01:39:35.358+0000] {processor.py:830} INFO - Processing file /opt/airflow/dags/canal_moins_pipeline.py for tasks to queue
[2026-05-20T01:39:35.361+0000] {logging_mixin.py:188} INFO - [2026-05-20T01:39:35.360+0000] {dagbag.py:538} INFO - Filling up the DagBag from /opt/airflow/dags/canal_moins_pipeline.py
[2026-05-20T01:39:35.428+0000] {processor.py:840} INFO - DAG(s) 'canal_moins_viewing_events_pipeline' retrieved from /opt/airflow/dags/canal_moins_pipeline.py
[2026-05-20T01:39:35.470+0000] {logging_mixin.py:188} INFO - [2026-05-20T01:39:35.470+0000] {dag.py:3036} INFO - Sync 1 DAGs
[2026-05-20T01:39:35.506+0000] {logging_mixin.py:188} INFO - [2026-05-20T01:39:35.505+0000] {dag.py:3823} INFO - Setting next_dagrun for canal_moins_viewing_events_pipeline to 2026-05-20 01:30:00+00:00, run_after=2026-05-20 01:45:00+00:00
[2026-05-20T01:39:35.546+0000] {processor.py:183} INFO - Processing /opt/airflow/dags/canal_moins_pipeline.py took 0.198 seconds
[2026-05-20T01:40:05.764+0000] {processor.py:161} INFO - Started process (PID=2459) to work on /opt/airflow/dags/canal_moins_pipeline.py
[2026-05-20T01:40:05.767+0000] {processor.py:830} INFO - Processing file /opt/airflow/dags/canal_moins_pipeline.py for tasks to queue
[2026-05-20T01:40:05.769+0000] {logging_mixin.py:188} INFO - [2026-05-20T01:40:05.768+0000] {dagbag.py:538} INFO - Filling up the DagBag from /opt/airflow/dags/canal_moins_pipeline.py
[2026-05-20T01:40:05.814+0000] {processor.py:840} INFO - DAG(s) 'canal_moins_viewing_events_pipeline' retrieved from /opt/airflow/dags/canal_moins_pipeline.py
[2026-05-20T01:40:05.871+0000] {logging_mixin.py:188} INFO - [2026-05-20T01:40:05.870+0000] {dag.py:3036} INFO - Sync 1 DAGs
[2026-05-20T01:40:05.921+0000] {logging_mixin.py:188} INFO - [2026-05-20T01:40:05.920+0000] {dag.py:3823} INFO - Setting next_dagrun for canal_moins_viewing_events_pipeline to 2026-05-20 01:30:00+00:00, run_after=2026-05-20 01:45:00+00:00
[2026-05-20T01:40:05.951+0000] {processor.py:183} INFO - Processing /opt/airflow/dags/canal_moins_pipeline.py took 0.192 seconds
[2026-05-20T01:40:36.209+0000] {processor.py:161} INFO - Started process (PID=2470) to work on /opt/airflow/dags/canal_moins_pipeline.py
[2026-05-20T01:40:36.213+0000] {processor.py:830} INFO - Processing file /opt/airflow/dags/canal_moins_pipeline.py for tasks to queue
[2026-05-20T01:40:36.216+0000] {logging_mixin.py:188} INFO - [2026-05-20T01:40:36.215+0000] {dagbag.py:538} INFO - Filling up the DagBag from /opt/airflow/dags/canal_moins_pipeline.py
[2026-05-20T01:40:36.264+0000] {processor.py:840} INFO - DAG(s) 'canal_moins_viewing_events_pipeline' retrieved from /opt/airflow/dags/canal_moins_pipeline.py
[2026-05-20T01:40:36.314+0000] {logging_mixin.py:188} INFO - [2026-05-20T01:40:36.314+0000] {dag.py:3036} INFO - Sync 1 DAGs
[2026-05-20T01:40:36.356+0000] {logging_mixin.py:188} INFO - [2026-05-20T01:40:36.356+0000] {dag.py:3823} INFO - Setting next_dagrun for canal_moins_viewing_events_pipeline to 2026-05-20 01:30:00+00:00, run_after=2026-05-20 01:45:00+00:00
[2026-05-20T01:40:36.391+0000] {processor.py:183} INFO - Processing /opt/airflow/dags/canal_moins_pipeline.py took 0.191 seconds
[2026-05-20T01:41:06.825+0000] {processor.py:161} INFO - Started process (PID=2481) to work on /opt/airflow/dags/canal_moins_pipeline.py
[2026-05-20T01:41:06.833+0000] {processor.py:830} INFO - Processing file /opt/airflow/dags/canal_moins_pipeline.py for tasks to queue
[2026-05-20T01:41:06.840+0000] {logging_mixin.py:188} INFO - [2026-05-20T01:41:06.839+0000] {dagbag.py:538} INFO - Filling up the DagBag from /opt/airflow/dags/canal_moins_pipeline.py
[2026-05-20T01:41:07.213+0000] {processor.py:840} INFO - DAG(s) 'canal_moins_viewing_events_pipeline' retrieved from /opt/airflow/dags/canal_moins_pipeline.py
[2026-05-20T01:41:07.329+0000] {logging_mixin.py:188} INFO - [2026-05-20T01:41:07.329+0000] {dag.py:3036} INFO - Sync 1 DAGs
[2026-05-20T01:41:07.401+0000] {logging_mixin.py:188} INFO - [2026-05-20T01:41:07.400+0000] {dag.py:3823} INFO - Setting next_dagrun for canal_moins_viewing_events_pipeline to 2026-05-20 01:30:00+00:00, run_after=2026-05-20 01:45:00+00:00
[2026-05-20T01:41:07.497+0000] {processor.py:183} INFO - Processing /opt/airflow/dags/canal_moins_pipeline.py took 0.684 seconds
[2026-05-20T01:41:38.042+0000] {processor.py:161} INFO - Started process (PID=2497) to work on /opt/airflow/dags/canal_moins_pipeline.py
[2026-05-20T01:41:38.045+0000] {processor.py:830} INFO - Processing file /opt/airflow/dags/canal_moins_pipeline.py for tasks to queue
[2026-05-20T01:41:38.049+0000] {logging_mixin.py:188} INFO - [2026-05-20T01:41:38.048+0000] {dagbag.py:538} INFO - Filling up the DagBag from /opt/airflow/dags/canal_moins_pipeline.py
[2026-05-20T01:41:38.110+0000] {processor.py:840} INFO - DAG(s) 'canal_moins_viewing_events_pipeline' retrieved from /opt/airflow/dags/canal_moins_pipeline.py
[2026-05-20T01:41:38.171+0000] {logging_mixin.py:188} INFO - [2026-05-20T01:41:38.171+0000] {dag.py:3036} INFO - Sync 1 DAGs
[2026-05-20T01:41:38.224+0000] {logging_mixin.py:188} INFO - [2026-05-20T01:41:38.224+0000] {dag.py:3823} INFO - Setting next_dagrun for canal_moins_viewing_events_pipeline to 2026-05-20 01:30:00+00:00, run_after=2026-05-20 01:45:00+00:00
[2026-05-20T01:41:38.268+0000] {processor.py:183} INFO - Processing /opt/airflow/dags/canal_moins_pipeline.py took 0.233 seconds
[2026-05-20T01:42:08.501+0000] {processor.py:161} INFO - Started process (PID=2508) to work on /opt/airflow/dags/canal_moins_pipeline.py
[2026-05-20T01:42:08.505+0000] {processor.py:830} INFO - Processing file /opt/airflow/dags/canal_moins_pipeline.py for tasks to queue
[2026-05-20T01:42:08.511+0000] {logging_mixin.py:188} INFO - [2026-05-20T01:42:08.509+0000] {dagbag.py:538} INFO - Filling up the DagBag from /opt/airflow/dags/canal_moins_pipeline.py
[2026-05-20T01:42:08.709+0000] {processor.py:840} INFO - DAG(s) 'canal_moins_viewing_events_pipeline' retrieved from /opt/airflow/dags/canal_moins_pipeline.py
[2026-05-20T01:42:08.830+0000] {logging_mixin.py:188} INFO - [2026-05-20T01:42:08.830+0000] {dag.py:3036} INFO - Sync 1 DAGs
[2026-05-20T01:42:08.935+0000] {logging_mixin.py:188} INFO - [2026-05-20T01:42:08.934+0000] {dag.py:3823} INFO - Setting next_dagrun for canal_moins_viewing_events_pipeline to 2026-05-20 01:30:00+00:00, run_after=2026-05-20 01:45:00+00:00
[2026-05-20T01:42:09.066+0000] {processor.py:183} INFO - Processing /opt/airflow/dags/canal_moins_pipeline.py took 0.577 seconds
[2026-05-20T01:42:40.275+0000] {processor.py:161} INFO - Started process (PID=2519) to work on /opt/airflow/dags/canal_moins_pipeline.py
[2026-05-20T01:42:40.292+0000] {processor.py:830} INFO - Processing file /opt/airflow/dags/canal_moins_pipeline.py for tasks to queue
[2026-05-20T01:42:40.317+0000] {logging_mixin.py:188} INFO - [2026-05-20T01:42:40.315+0000] {dagbag.py:538} INFO - Filling up the DagBag from /opt/airflow/dags/canal_moins_pipeline.py
[2026-05-20T01:42:40.811+0000] {processor.py:840} INFO - DAG(s) 'canal_moins_viewing_events_pipeline' retrieved from /opt/airflow/dags/canal_moins_pipeline.py
[2026-05-20T01:42:40.964+0000] {logging_mixin.py:188} INFO - [2026-05-20T01:42:40.963+0000] {dag.py:3036} INFO - Sync 1 DAGs
[2026-05-20T01:42:41.095+0000] {logging_mixin.py:188} INFO - [2026-05-20T01:42:41.094+0000] {dag.py:3823} INFO - Setting next_dagrun for canal_moins_viewing_events_pipeline to 2026-05-20 01:30:00+00:00, run_after=2026-05-20 01:45:00+00:00
[2026-05-20T01:42:41.257+0000] {processor.py:183} INFO - Processing /opt/airflow/dags/canal_moins_pipeline.py took 0.996 seconds
[2026-05-20T01:43:11.864+0000] {processor.py:161} INFO - Started process (PID=2530) to work on /opt/airflow/dags/canal_moins_pipeline.py
[2026-05-20T01:43:11.869+0000] {processor.py:830} INFO - Processing file /opt/airflow/dags/canal_moins_pipeline.py for tasks to queue
[2026-05-20T01:43:11.876+0000] {logging_mixin.py:188} INFO - [2026-05-20T01:43:11.875+0000] {dagbag.py:538} INFO - Filling up the DagBag from /opt/airflow/dags/canal_moins_pipeline.py
[2026-05-20T01:43:12.030+0000] {processor.py:840} INFO - DAG(s) 'canal_moins_viewing_events_pipeline' retrieved from /opt/airflow/dags/canal_moins_pipeline.py
[2026-05-20T01:43:12.141+0000] {logging_mixin.py:188} INFO - [2026-05-20T01:43:12.140+0000] {dag.py:3036} INFO - Sync 1 DAGs
[2026-05-20T01:43:12.230+0000] {logging_mixin.py:188} INFO - [2026-05-20T01:43:12.230+0000] {dag.py:3823} INFO - Setting next_dagrun for canal_moins_viewing_events_pipeline to 2026-05-20 01:30:00+00:00, run_after=2026-05-20 01:45:00+00:00
[2026-05-20T01:43:12.299+0000] {processor.py:183} INFO - Processing /opt/airflow/dags/canal_moins_pipeline.py took 0.452 seconds
[2026-05-20T01:43:42.809+0000] {processor.py:161} INFO - Started process (PID=2541) to work on /opt/airflow/dags/canal_moins_pipeline.py
[2026-05-20T01:43:42.812+0000] {processor.py:830} INFO - Processing file /opt/airflow/dags/canal_moins_pipeline.py for tasks to queue
[2026-05-20T01:43:42.816+0000] {logging_mixin.py:188} INFO - [2026-05-20T01:43:42.815+0000] {dagbag.py:538} INFO - Filling up the DagBag from /opt/airflow/dags/canal_moins_pipeline.py
[2026-05-20T01:43:42.908+0000] {processor.py:840} INFO - DAG(s) 'canal_moins_viewing_events_pipeline' retrieved from /opt/airflow/dags/canal_moins_pipeline.py
[2026-05-20T01:43:43.016+0000] {logging_mixin.py:188} INFO - [2026-05-20T01:43:43.015+0000] {dag.py:3036} INFO - Sync 1 DAGs
[2026-05-20T01:43:43.071+0000] {logging_mixin.py:188} INFO - [2026-05-20T01:43:43.071+0000] {dag.py:3823} INFO - Setting next_dagrun for canal_moins_viewing_events_pipeline to 2026-05-20 01:30:00+00:00, run_after=2026-05-20 01:45:00+00:00
[2026-05-20T01:43:43.123+0000] {processor.py:183} INFO - Processing /opt/airflow/dags/canal_moins_pipeline.py took 0.321 seconds
[2026-05-20T01:44:13.459+0000] {processor.py:161} INFO - Started process (PID=2553) to work on /opt/airflow/dags/canal_moins_pipeline.py
[2026-05-20T01:44:13.462+0000] {processor.py:830} INFO - Processing file /opt/airflow/dags/canal_moins_pipeline.py for tasks to queue
[2026-05-20T01:44:13.464+0000] {logging_mixin.py:188} INFO - [2026-05-20T01:44:13.464+0000] {dagbag.py:538} INFO - Filling up the DagBag from /opt/airflow/dags/canal_moins_pipeline.py
[2026-05-20T01:44:13.550+0000] {processor.py:840} INFO - DAG(s) 'canal_moins_viewing_events_pipeline' retrieved from /opt/airflow/dags/canal_moins_pipeline.py
[2026-05-20T01:44:13.598+0000] {logging_mixin.py:188} INFO - [2026-05-20T01:44:13.598+0000] {dag.py:3036} INFO - Sync 1 DAGs
[2026-05-20T01:44:13.636+0000] {logging_mixin.py:188} INFO - [2026-05-20T01:44:13.635+0000] {dag.py:3823} INFO - Setting next_dagrun for canal_moins_viewing_events_pipeline to 2026-05-20 01:30:00+00:00, run_after=2026-05-20 01:45:00+00:00
[2026-05-20T01:44:13.691+0000] {processor.py:183} INFO - Processing /opt/airflow/dags/canal_moins_pipeline.py took 0.237 seconds
[2026-05-20T01:44:43.871+0000] {processor.py:161} INFO - Started process (PID=2564) to work on /opt/airflow/dags/canal_moins_pipeline.py
[2026-05-20T01:44:43.873+0000] {processor.py:830} INFO - Processing file /opt/airflow/dags/canal_moins_pipeline.py for tasks to queue
[2026-05-20T01:44:43.875+0000] {logging_mixin.py:188} INFO - [2026-05-20T01:44:43.874+0000] {dagbag.py:538} INFO - Filling up the DagBag from /opt/airflow/dags/canal_moins_pipeline.py
[2026-05-20T01:44:43.936+0000] {processor.py:840} INFO - DAG(s) 'canal_moins_viewing_events_pipeline' retrieved from /opt/airflow/dags/canal_moins_pipeline.py
[2026-05-20T01:44:43.987+0000] {logging_mixin.py:188} INFO - [2026-05-20T01:44:43.987+0000] {dag.py:3036} INFO - Sync 1 DAGs
[2026-05-20T01:44:44.036+0000] {logging_mixin.py:188} INFO - [2026-05-20T01:44:44.036+0000] {dag.py:3823} INFO - Setting next_dagrun for canal_moins_viewing_events_pipeline to 2026-05-20 01:30:00+00:00, run_after=2026-05-20 01:45:00+00:00
[2026-05-20T01:44:44.080+0000] {processor.py:183} INFO - Processing /opt/airflow/dags/canal_moins_pipeline.py took 0.214 seconds
[2026-05-20T01:45:14.456+0000] {processor.py:161} INFO - Started process (PID=2587) to work on /opt/airflow/dags/canal_moins_pipeline.py
[2026-05-20T01:45:14.459+0000] {processor.py:830} INFO - Processing file /opt/airflow/dags/canal_moins_pipeline.py for tasks to queue
[2026-05-20T01:45:14.462+0000] {logging_mixin.py:188} INFO - [2026-05-20T01:45:14.461+0000] {dagbag.py:538} INFO - Filling up the DagBag from /opt/airflow/dags/canal_moins_pipeline.py
[2026-05-20T01:45:14.521+0000] {processor.py:840} INFO - DAG(s) 'canal_moins_viewing_events_pipeline' retrieved from /opt/airflow/dags/canal_moins_pipeline.py
[2026-05-20T01:45:14.621+0000] {logging_mixin.py:188} INFO - [2026-05-20T01:45:14.619+0000] {dag.py:3036} INFO - Sync 1 DAGs
[2026-05-20T01:45:14.746+0000] {logging_mixin.py:188} INFO - [2026-05-20T01:45:14.745+0000] {dag.py:3823} INFO - Setting next_dagrun for canal_moins_viewing_events_pipeline to 2026-05-20 01:45:00+00:00, run_after=2026-05-20 02:00:00+00:00
[2026-05-20T01:45:14.845+0000] {processor.py:183} INFO - Processing /opt/airflow/dags/canal_moins_pipeline.py took 0.395 seconds
[2026-05-20T01:45:45.339+0000] {processor.py:161} INFO - Started process (PID=2598) to work on /opt/airflow/dags/canal_moins_pipeline.py
[2026-05-20T01:45:45.343+0000] {processor.py:830} INFO - Processing file /opt/airflow/dags/canal_moins_pipeline.py for tasks to queue
[2026-05-20T01:45:45.345+0000] {logging_mixin.py:188} INFO - [2026-05-20T01:45:45.345+0000] {dagbag.py:538} INFO - Filling up the DagBag from /opt/airflow/dags/canal_moins_pipeline.py
[2026-05-20T01:45:45.406+0000] {processor.py:840} INFO - DAG(s) 'canal_moins_viewing_events_pipeline' retrieved from /opt/airflow/dags/canal_moins_pipeline.py
[2026-05-20T01:45:45.462+0000] {logging_mixin.py:188} INFO - [2026-05-20T01:45:45.462+0000] {dag.py:3036} INFO - Sync 1 DAGs
[2026-05-20T01:45:45.512+0000] {logging_mixin.py:188} INFO - [2026-05-20T01:45:45.511+0000] {dag.py:3823} INFO - Setting next_dagrun for canal_moins_viewing_events_pipeline to 2026-05-20 01:45:00+00:00, run_after=2026-05-20 02:00:00+00:00
[2026-05-20T01:45:45.565+0000] {processor.py:183} INFO - Processing /opt/airflow/dags/canal_moins_pipeline.py took 0.231 seconds
[2026-05-20T01:46:15.792+0000] {processor.py:161} INFO - Started process (PID=2609) to work on /opt/airflow/dags/canal_moins_pipeline.py
[2026-05-20T01:46:15.795+0000] {processor.py:830} INFO - Processing file /opt/airflow/dags/canal_moins_pipeline.py for tasks to queue
[2026-05-20T01:46:15.800+0000] {logging_mixin.py:188} INFO - [2026-05-20T01:46:15.798+0000] {dagbag.py:538} INFO - Filling up the DagBag from /opt/airflow/dags/canal_moins_pipeline.py
[2026-05-20T01:46:15.889+0000] {processor.py:840} INFO - DAG(s) 'canal_moins_viewing_events_pipeline' retrieved from /opt/airflow/dags/canal_moins_pipeline.py
[2026-05-20T01:46:15.984+0000] {logging_mixin.py:188} INFO - [2026-05-20T01:46:15.983+0000] {dag.py:3036} INFO - Sync 1 DAGs
[2026-05-20T01:46:16.040+0000] {logging_mixin.py:188} INFO - [2026-05-20T01:46:16.040+0000] {dag.py:3823} INFO - Setting next_dagrun for canal_moins_viewing_events_pipeline to 2026-05-20 01:45:00+00:00, run_after=2026-05-20 02:00:00+00:00
[2026-05-20T01:46:16.090+0000] {processor.py:183} INFO - Processing /opt/airflow/dags/canal_moins_pipeline.py took 0.305 seconds
[2026-05-20T01:46:46.272+0000] {processor.py:161} INFO - Started process (PID=2620) to work on /opt/airflow/dags/canal_moins_pipeline.py
[2026-05-20T01:46:46.273+0000] {processor.py:830} INFO - Processing file /opt/airflow/dags/canal_moins_pipeline.py for tasks to queue
[2026-05-20T01:46:46.274+0000] {logging_mixin.py:188} INFO - [2026-05-20T01:46:46.274+0000] {dagbag.py:538} INFO - Filling up the DagBag from /opt/airflow/dags/canal_moins_pipeline.py
[2026-05-20T01:46:46.310+0000] {processor.py:840} INFO - DAG(s) 'canal_moins_viewing_events_pipeline' retrieved from /opt/airflow/dags/canal_moins_pipeline.py
[2026-05-20T01:46:46.343+0000] {logging_mixin.py:188} INFO - [2026-05-20T01:46:46.342+0000] {dag.py:3036} INFO - Sync 1 DAGs
[2026-05-20T01:46:46.369+0000] {logging_mixin.py:188} INFO - [2026-05-20T01:46:46.368+0000] {dag.py:3823} INFO - Setting next_dagrun for canal_moins_viewing_events_pipeline to 2026-05-20 01:45:00+00:00, run_after=2026-05-20 02:00:00+00:00
[2026-05-20T01:46:46.399+0000] {processor.py:183} INFO - Processing /opt/airflow/dags/canal_moins_pipeline.py took 0.131 seconds
[2026-05-20T01:47:16.729+0000] {processor.py:161} INFO - Started process (PID=2631) to work on /opt/airflow/dags/canal_moins_pipeline.py
[2026-05-20T01:47:16.731+0000] {processor.py:830} INFO - Processing file /opt/airflow/dags/canal_moins_pipeline.py for tasks to queue
[2026-05-20T01:47:16.732+0000] {logging_mixin.py:188} INFO - [2026-05-20T01:47:16.732+0000] {dagbag.py:538} INFO - Filling up the DagBag from /opt/airflow/dags/canal_moins_pipeline.py
[2026-05-20T01:47:16.773+0000] {processor.py:840} INFO - DAG(s) 'canal_moins_viewing_events_pipeline' retrieved from /opt/airflow/dags/canal_moins_pipeline.py
[2026-05-20T01:47:16.824+0000] {logging_mixin.py:188} INFO - [2026-05-20T01:47:16.824+0000] {dag.py:3036} INFO - Sync 1 DAGs
[2026-05-20T01:47:16.868+0000] {logging_mixin.py:188} INFO - [2026-05-20T01:47:16.868+0000] {dag.py:3823} INFO - Setting next_dagrun for canal_moins_viewing_events_pipeline to 2026-05-20 01:45:00+00:00, run_after=2026-05-20 02:00:00+00:00
[2026-05-20T01:47:16.915+0000] {processor.py:183} INFO - Processing /opt/airflow/dags/canal_moins_pipeline.py took 0.190 seconds
[2026-05-20T01:47:47.263+0000] {processor.py:161} INFO - Started process (PID=2642) to work on /opt/airflow/dags/canal_moins_pipeline.py
[2026-05-20T01:47:47.268+0000] {processor.py:830} INFO - Processing file /opt/airflow/dags/canal_moins_pipeline.py for tasks to queue
[2026-05-20T01:47:47.272+0000] {logging_mixin.py:188} INFO - [2026-05-20T01:47:47.272+0000] {dagbag.py:538} INFO - Filling up the DagBag from /opt/airflow/dags/canal_moins_pipeline.py
[2026-05-20T01:47:47.419+0000] {processor.py:840} INFO - DAG(s) 'canal_moins_viewing_events_pipeline' retrieved from /opt/airflow/dags/canal_moins_pipeline.py
[2026-05-20T01:47:47.488+0000] {logging_mixin.py:188} INFO - [2026-05-20T01:47:47.487+0000] {dag.py:3036} INFO - Sync 1 DAGs
[2026-05-20T01:47:47.545+0000] {logging_mixin.py:188} INFO - [2026-05-20T01:47:47.544+0000] {dag.py:3823} INFO - Setting next_dagrun for canal_moins_viewing_events_pipeline to 2026-05-20 01:45:00+00:00, run_after=2026-05-20 02:00:00+00:00
[2026-05-20T01:47:47.594+0000] {processor.py:183} INFO - Processing /opt/airflow/dags/canal_moins_pipeline.py took 0.338 seconds
[2026-05-20T01:48:18.069+0000] {processor.py:161} INFO - Started process (PID=2653) to work on /opt/airflow/dags/canal_moins_pipeline.py
[2026-05-20T01:48:18.073+0000] {processor.py:830} INFO - Processing file /opt/airflow/dags/canal_moins_pipeline.py for tasks to queue
[2026-05-20T01:48:18.075+0000] {logging_mixin.py:188} INFO - [2026-05-20T01:48:18.075+0000] {dagbag.py:538} INFO - Filling up the DagBag from /opt/airflow/dags/canal_moins_pipeline.py
[2026-05-20T01:48:18.154+0000] {processor.py:840} INFO - DAG(s) 'canal_moins_viewing_events_pipeline' retrieved from /opt/airflow/dags/canal_moins_pipeline.py
[2026-05-20T01:48:18.240+0000] {logging_mixin.py:188} INFO - [2026-05-20T01:48:18.240+0000] {dag.py:3036} INFO - Sync 1 DAGs
[2026-05-20T01:48:18.303+0000] {logging_mixin.py:188} INFO - [2026-05-20T01:48:18.302+0000] {dag.py:3823} INFO - Setting next_dagrun for canal_moins_viewing_events_pipeline to 2026-05-20 01:45:00+00:00, run_after=2026-05-20 02:00:00+00:00
[2026-05-20T01:48:18.388+0000] {processor.py:183} INFO - Processing /opt/airflow/dags/canal_moins_pipeline.py took 0.328 seconds
[2026-05-20T01:48:48.715+0000] {processor.py:161} INFO - Started process (PID=2664) to work on /opt/airflow/dags/canal_moins_pipeline.py
[2026-05-20T01:48:48.717+0000] {processor.py:830} INFO - Processing file /opt/airflow/dags/canal_moins_pipeline.py for tasks to queue
[2026-05-20T01:48:48.718+0000] {logging_mixin.py:188} INFO - [2026-05-20T01:48:48.718+0000] {dagbag.py:538} INFO - Filling up the DagBag from /opt/airflow/dags/canal_moins_pipeline.py
[2026-05-20T01:48:48.757+0000] {processor.py:840} INFO - DAG(s) 'canal_moins_viewing_events_pipeline' retrieved from /opt/airflow/dags/canal_moins_pipeline.py
[2026-05-20T01:48:48.794+0000] {logging_mixin.py:188} INFO - [2026-05-20T01:48:48.794+0000] {dag.py:3036} INFO - Sync 1 DAGs
[2026-05-20T01:48:48.822+0000] {logging_mixin.py:188} INFO - [2026-05-20T01:48:48.822+0000] {dag.py:3823} INFO - Setting next_dagrun for canal_moins_viewing_events_pipeline to 2026-05-20 01:45:00+00:00, run_after=2026-05-20 02:00:00+00:00
[2026-05-20T01:48:48.847+0000] {processor.py:183} INFO - Processing /opt/airflow/dags/canal_moins_pipeline.py took 0.136 seconds
[2026-05-20T01:49:19.021+0000] {processor.py:161} INFO - Started process (PID=2675) to work on /opt/airflow/dags/canal_moins_pipeline.py
[2026-05-20T01:49:19.024+0000] {processor.py:830} INFO - Processing file /opt/airflow/dags/canal_moins_pipeline.py for tasks to queue
[2026-05-20T01:49:19.026+0000] {logging_mixin.py:188} INFO - [2026-05-20T01:49:19.025+0000] {dagbag.py:538} INFO - Filling up the DagBag from /opt/airflow/dags/canal_moins_pipeline.py
[2026-05-20T01:49:19.074+0000] {processor.py:840} INFO - DAG(s) 'canal_moins_viewing_events_pipeline' retrieved from /opt/airflow/dags/canal_moins_pipeline.py
[2026-05-20T01:49:19.139+0000] {logging_mixin.py:188} INFO - [2026-05-20T01:49:19.139+0000] {dag.py:3036} INFO - Sync 1 DAGs
[2026-05-20T01:49:19.191+0000] {logging_mixin.py:188} INFO - [2026-05-20T01:49:19.191+0000] {dag.py:3823} INFO - Setting next_dagrun for canal_moins_viewing_events_pipeline to 2026-05-20 01:45:00+00:00, run_after=2026-05-20 02:00:00+00:00
[2026-05-20T01:49:19.242+0000] {processor.py:183} INFO - Processing /opt/airflow/dags/canal_moins_pipeline.py took 0.227 seconds
[2026-05-20T01:49:49.845+0000] {processor.py:161} INFO - Started process (PID=2686) to work on /opt/airflow/dags/canal_moins_pipeline.py
[2026-05-20T01:49:49.847+0000] {processor.py:830} INFO - Processing file /opt/airflow/dags/canal_moins_pipeline.py for tasks to queue
[2026-05-20T01:49:49.851+0000] {logging_mixin.py:188} INFO - [2026-05-20T01:49:49.850+0000] {dagbag.py:538} INFO - Filling up the DagBag from /opt/airflow/dags/canal_moins_pipeline.py
[2026-05-20T01:49:49.952+0000] {processor.py:840} INFO - DAG(s) 'canal_moins_viewing_events_pipeline' retrieved from /opt/airflow/dags/canal_moins_pipeline.py
[2026-05-20T01:49:50.048+0000] {logging_mixin.py:188} INFO - [2026-05-20T01:49:50.047+0000] {dag.py:3036} INFO - Sync 1 DAGs
[2026-05-20T01:49:50.128+0000] {logging_mixin.py:188} INFO - [2026-05-20T01:49:50.127+0000] {dag.py:3823} INFO - Setting next_dagrun for canal_moins_viewing_events_pipeline to 2026-05-20 01:45:00+00:00, run_after=2026-05-20 02:00:00+00:00
[2026-05-20T01:49:50.194+0000] {processor.py:183} INFO - Processing /opt/airflow/dags/canal_moins_pipeline.py took 0.359 seconds
[2026-05-20T01:50:20.848+0000] {processor.py:161} INFO - Started process (PID=2697) to work on /opt/airflow/dags/canal_moins_pipeline.py
[2026-05-20T01:50:20.854+0000] {processor.py:830} INFO - Processing file /opt/airflow/dags/canal_moins_pipeline.py for tasks to queue
[2026-05-20T01:50:20.862+0000] {logging_mixin.py:188} INFO - [2026-05-20T01:50:20.860+0000] {dagbag.py:538} INFO - Filling up the DagBag from /opt/airflow/dags/canal_moins_pipeline.py
[2026-05-20T01:50:21.019+0000] {processor.py:840} INFO - DAG(s) 'canal_moins_viewing_events_pipeline' retrieved from /opt/airflow/dags/canal_moins_pipeline.py
[2026-05-20T01:50:21.180+0000] {logging_mixin.py:188} INFO - [2026-05-20T01:50:21.179+0000] {dag.py:3036} INFO - Sync 1 DAGs
[2026-05-20T01:50:21.359+0000] {logging_mixin.py:188} INFO - [2026-05-20T01:50:21.358+0000] {dag.py:3823} INFO - Setting next_dagrun for canal_moins_viewing_events_pipeline to 2026-05-20 01:45:00+00:00, run_after=2026-05-20 02:00:00+00:00
[2026-05-20T01:50:21.524+0000] {processor.py:183} INFO - Processing /opt/airflow/dags/canal_moins_pipeline.py took 0.689 seconds
[2026-05-20T01:50:51.711+0000] {processor.py:161} INFO - Started process (PID=2708) to work on /opt/airflow/dags/canal_moins_pipeline.py
[2026-05-20T01:50:51.713+0000] {processor.py:830} INFO - Processing file /opt/airflow/dags/canal_moins_pipeline.py for tasks to queue
[2026-05-20T01:50:51.716+0000] {logging_mixin.py:188} INFO - [2026-05-20T01:50:51.716+0000] {dagbag.py:538} INFO - Filling up the DagBag from /opt/airflow/dags/canal_moins_pipeline.py
[2026-05-20T01:50:51.762+0000] {processor.py:840} INFO - DAG(s) 'canal_moins_viewing_events_pipeline' retrieved from /opt/airflow/dags/canal_moins_pipeline.py
[2026-05-20T01:50:51.796+0000] {logging_mixin.py:188} INFO - [2026-05-20T01:50:51.796+0000] {dag.py:3036} INFO - Sync 1 DAGs
[2026-05-20T01:50:51.826+0000] {logging_mixin.py:188} INFO - [2026-05-20T01:50:51.826+0000] {dag.py:3823} INFO - Setting next_dagrun for canal_moins_viewing_events_pipeline to 2026-05-20 01:45:00+00:00, run_after=2026-05-20 02:00:00+00:00
[2026-05-20T01:50:51.855+0000] {processor.py:183} INFO - Processing /opt/airflow/dags/canal_moins_pipeline.py took 0.149 seconds
[2026-05-20T01:51:21.958+0000] {processor.py:161} INFO - Started process (PID=2719) to work on /opt/airflow/dags/canal_moins_pipeline.py
[2026-05-20T01:51:21.960+0000] {processor.py:830} INFO - Processing file /opt/airflow/dags/canal_moins_pipeline.py for tasks to queue
[2026-05-20T01:51:21.961+0000] {logging_mixin.py:188} INFO - [2026-05-20T01:51:21.961+0000] {dagbag.py:538} INFO - Filling up the DagBag from /opt/airflow/dags/canal_moins_pipeline.py
[2026-05-20T01:51:21.995+0000] {processor.py:840} INFO - DAG(s) 'canal_moins_viewing_events_pipeline' retrieved from /opt/airflow/dags/canal_moins_pipeline.py
[2026-05-20T01:51:22.024+0000] {logging_mixin.py:188} INFO - [2026-05-20T01:51:22.024+0000] {dag.py:3036} INFO - Sync 1 DAGs
[2026-05-20T01:51:22.051+0000] {logging_mixin.py:188} INFO - [2026-05-20T01:51:22.051+0000] {dag.py:3823} INFO - Setting next_dagrun for canal_moins_viewing_events_pipeline to 2026-05-20 01:45:00+00:00, run_after=2026-05-20 02:00:00+00:00
[2026-05-20T01:51:22.075+0000] {processor.py:183} INFO - Processing /opt/airflow/dags/canal_moins_pipeline.py took 0.120 seconds
[2026-05-20T01:51:52.675+0000] {processor.py:161} INFO - Started process (PID=2730) to work on /opt/airflow/dags/canal_moins_pipeline.py
[2026-05-20T01:51:52.679+0000] {processor.py:830} INFO - Processing file /opt/airflow/dags/canal_moins_pipeline.py for tasks to queue
[2026-05-20T01:51:52.684+0000] {logging_mixin.py:188} INFO - [2026-05-20T01:51:52.681+0000] {dagbag.py:538} INFO - Filling up the DagBag from /opt/airflow/dags/canal_moins_pipeline.py
[2026-05-20T01:51:52.799+0000] {processor.py:840} INFO - DAG(s) 'canal_moins_viewing_events_pipeline' retrieved from /opt/airflow/dags/canal_moins_pipeline.py
[2026-05-20T01:51:52.919+0000] {logging_mixin.py:188} INFO - [2026-05-20T01:51:52.917+0000] {dag.py:3036} INFO - Sync 1 DAGs
[2026-05-20T01:51:53.009+0000] {logging_mixin.py:188} INFO - [2026-05-20T01:51:53.009+0000] {dag.py:3823} INFO - Setting next_dagrun for canal_moins_viewing_events_pipeline to 2026-05-20 01:45:00+00:00, run_after=2026-05-20 02:00:00+00:00
[2026-05-20T01:51:53.129+0000] {processor.py:183} INFO - Processing /opt/airflow/dags/canal_moins_pipeline.py took 0.466 seconds
[2026-05-20T01:52:24.493+0000] {processor.py:161} INFO - Started process (PID=2742) to work on /opt/airflow/dags/canal_moins_pipeline.py
[2026-05-20T01:52:24.500+0000] {processor.py:830} INFO - Processing file /opt/airflow/dags/canal_moins_pipeline.py for tasks to queue
[2026-05-20T01:52:24.509+0000] {logging_mixin.py:188} INFO - [2026-05-20T01:52:24.507+0000] {dagbag.py:538} INFO - Filling up the DagBag from /opt/airflow/dags/canal_moins_pipeline.py
[2026-05-20T01:52:24.714+0000] {processor.py:840} INFO - DAG(s) 'canal_moins_viewing_events_pipeline' retrieved from /opt/airflow/dags/canal_moins_pipeline.py
[2026-05-20T01:52:24.820+0000] {logging_mixin.py:188} INFO - [2026-05-20T01:52:24.819+0000] {dag.py:3036} INFO - Sync 1 DAGs
[2026-05-20T01:52:24.905+0000] {logging_mixin.py:188} INFO - [2026-05-20T01:52:24.904+0000] {dag.py:3823} INFO - Setting next_dagrun for canal_moins_viewing_events_pipeline to 2026-05-20 01:45:00+00:00, run_after=2026-05-20 02:00:00+00:00
[2026-05-20T01:52:24.989+0000] {processor.py:183} INFO - Processing /opt/airflow/dags/canal_moins_pipeline.py took 0.507 seconds
[2026-05-20T01:52:55.965+0000] {processor.py:161} INFO - Started process (PID=2753) to work on /opt/airflow/dags/canal_moins_pipeline.py
[2026-05-20T01:52:55.982+0000] {processor.py:830} INFO - Processing file /opt/airflow/dags/canal_moins_pipeline.py for tasks to queue
[2026-05-20T01:52:55.987+0000] {logging_mixin.py:188} INFO - [2026-05-20T01:52:55.986+0000] {dagbag.py:538} INFO - Filling up the DagBag from /opt/airflow/dags/canal_moins_pipeline.py
[2026-05-20T01:52:56.153+0000] {processor.py:840} INFO - DAG(s) 'canal_moins_viewing_events_pipeline' retrieved from /opt/airflow/dags/canal_moins_pipeline.py
[2026-05-20T01:52:56.269+0000] {logging_mixin.py:188} INFO - [2026-05-20T01:52:56.268+0000] {dag.py:3036} INFO - Sync 1 DAGs
[2026-05-20T01:52:56.423+0000] {logging_mixin.py:188} INFO - [2026-05-20T01:52:56.422+0000] {dag.py:3823} INFO - Setting next_dagrun for canal_moins_viewing_events_pipeline to 2026-05-20 01:45:00+00:00, run_after=2026-05-20 02:00:00+00:00
[2026-05-20T01:52:56.936+0000] {processor.py:183} INFO - Processing /opt/airflow/dags/canal_moins_pipeline.py took 0.984 seconds
[2026-05-20T01:53:28.220+0000] {processor.py:161} INFO - Started process (PID=2764) to work on /opt/airflow/dags/canal_moins_pipeline.py
[2026-05-20T01:53:28.225+0000] {processor.py:830} INFO - Processing file /opt/airflow/dags/canal_moins_pipeline.py for tasks to queue
[2026-05-20T01:53:28.230+0000] {logging_mixin.py:188} INFO - [2026-05-20T01:53:28.229+0000] {dagbag.py:538} INFO - Filling up the DagBag from /opt/airflow/dags/canal_moins_pipeline.py
[2026-05-20T01:53:28.361+0000] {processor.py:840} INFO - DAG(s) 'canal_moins_viewing_events_pipeline' retrieved from /opt/airflow/dags/canal_moins_pipeline.py
[2026-05-20T01:53:28.533+0000] {logging_mixin.py:188} INFO - [2026-05-20T01:53:28.532+0000] {dag.py:3036} INFO - Sync 1 DAGs
[2026-05-20T01:53:28.708+0000] {logging_mixin.py:188} INFO - [2026-05-20T01:53:28.708+0000] {dag.py:3823} INFO - Setting next_dagrun for canal_moins_viewing_events_pipeline to 2026-05-20 01:45:00+00:00, run_after=2026-05-20 02:00:00+00:00
[2026-05-20T01:53:28.854+0000] {processor.py:183} INFO - Processing /opt/airflow/dags/canal_moins_pipeline.py took 0.644 seconds
[2026-05-20T01:54:00.199+0000] {processor.py:161} INFO - Started process (PID=2775) to work on /opt/airflow/dags/canal_moins_pipeline.py
[2026-05-20T01:54:00.272+0000] {processor.py:830} INFO - Processing file /opt/airflow/dags/canal_moins_pipeline.py for tasks to queue
[2026-05-20T01:54:00.299+0000] {logging_mixin.py:188} INFO - [2026-05-20T01:54:00.297+0000] {dagbag.py:538} INFO - Filling up the DagBag from /opt/airflow/dags/canal_moins_pipeline.py
[2026-05-20T01:54:01.612+0000] {processor.py:840} INFO - DAG(s) 'canal_moins_viewing_events_pipeline' retrieved from /opt/airflow/dags/canal_moins_pipeline.py
[2026-05-20T01:54:01.842+0000] {logging_mixin.py:188} INFO - [2026-05-20T01:54:01.839+0000] {dag.py:3036} INFO - Sync 1 DAGs
[2026-05-20T01:54:02.132+0000] {logging_mixin.py:188} INFO - [2026-05-20T01:54:02.132+0000] {dag.py:3823} INFO - Setting next_dagrun for canal_moins_viewing_events_pipeline to 2026-05-20 01:45:00+00:00, run_after=2026-05-20 02:00:00+00:00
[2026-05-20T01:54:02.448+0000] {processor.py:183} INFO - Processing /opt/airflow/dags/canal_moins_pipeline.py took 2.269 seconds
[2026-05-20T01:54:32.785+0000] {processor.py:161} INFO - Started process (PID=2787) to work on /opt/airflow/dags/canal_moins_pipeline.py
[2026-05-20T01:54:32.789+0000] {processor.py:830} INFO - Processing file /opt/airflow/dags/canal_moins_pipeline.py for tasks to queue
[2026-05-20T01:54:32.792+0000] {logging_mixin.py:188} INFO - [2026-05-20T01:54:32.791+0000] {dagbag.py:538} INFO - Filling up the DagBag from /opt/airflow/dags/canal_moins_pipeline.py
[2026-05-20T01:54:32.937+0000] {processor.py:840} INFO - DAG(s) 'canal_moins_viewing_events_pipeline' retrieved from /opt/airflow/dags/canal_moins_pipeline.py
[2026-05-20T01:54:33.068+0000] {logging_mixin.py:188} INFO - [2026-05-20T01:54:33.067+0000] {dag.py:3036} INFO - Sync 1 DAGs
[2026-05-20T01:54:33.214+0000] {logging_mixin.py:188} INFO - [2026-05-20T01:54:33.214+0000] {dag.py:3823} INFO - Setting next_dagrun for canal_moins_viewing_events_pipeline to 2026-05-20 01:45:00+00:00, run_after=2026-05-20 02:00:00+00:00
[2026-05-20T01:54:33.343+0000] {processor.py:183} INFO - Processing /opt/airflow/dags/canal_moins_pipeline.py took 0.569 seconds
[2026-05-20T01:55:04.123+0000] {processor.py:161} INFO - Started process (PID=2798) to work on /opt/airflow/dags/canal_moins_pipeline.py
[2026-05-20T01:55:04.127+0000] {processor.py:830} INFO - Processing file /opt/airflow/dags/canal_moins_pipeline.py for tasks to queue
[2026-05-20T01:55:04.131+0000] {logging_mixin.py:188} INFO - [2026-05-20T01:55:04.130+0000] {dagbag.py:538} INFO - Filling up the DagBag from /opt/airflow/dags/canal_moins_pipeline.py
[2026-05-20T01:55:04.251+0000] {processor.py:840} INFO - DAG(s) 'canal_moins_viewing_events_pipeline' retrieved from /opt/airflow/dags/canal_moins_pipeline.py
[2026-05-20T01:55:04.333+0000] {logging_mixin.py:188} INFO - [2026-05-20T01:55:04.332+0000] {dag.py:3036} INFO - Sync 1 DAGs
[2026-05-20T01:55:04.398+0000] {logging_mixin.py:188} INFO - [2026-05-20T01:55:04.397+0000] {dag.py:3823} INFO - Setting next_dagrun for canal_moins_viewing_events_pipeline to 2026-05-20 01:45:00+00:00, run_after=2026-05-20 02:00:00+00:00
[2026-05-20T01:55:04.453+0000] {processor.py:183} INFO - Processing /opt/airflow/dags/canal_moins_pipeline.py took 0.337 seconds
[2026-05-20T01:55:35.650+0000] {processor.py:161} INFO - Started process (PID=2809) to work on /opt/airflow/dags/canal_moins_pipeline.py
[2026-05-20T01:55:35.679+0000] {processor.py:830} INFO - Processing file /opt/airflow/dags/canal_moins_pipeline.py for tasks to queue
[2026-05-20T01:55:35.730+0000] {logging_mixin.py:188} INFO - [2026-05-20T01:55:35.729+0000] {dagbag.py:538} INFO - Filling up the DagBag from /opt/airflow/dags/canal_moins_pipeline.py
[2026-05-20T01:55:36.269+0000] {processor.py:840} INFO - DAG(s) 'canal_moins_viewing_events_pipeline' retrieved from /opt/airflow/dags/canal_moins_pipeline.py
[2026-05-20T01:55:36.406+0000] {logging_mixin.py:188} INFO - [2026-05-20T01:55:36.406+0000] {dag.py:3036} INFO - Sync 1 DAGs
[2026-05-20T01:55:36.513+0000] {logging_mixin.py:188} INFO - [2026-05-20T01:55:36.512+0000] {dag.py:3823} INFO - Setting next_dagrun for canal_moins_viewing_events_pipeline to 2026-05-20 01:45:00+00:00, run_after=2026-05-20 02:00:00+00:00
[2026-05-20T01:55:36.636+0000] {processor.py:183} INFO - Processing /opt/airflow/dags/canal_moins_pipeline.py took 1.000 seconds
[2026-05-20T01:56:06.742+0000] {processor.py:161} INFO - Started process (PID=2820) to work on /opt/airflow/dags/canal_moins_pipeline.py
[2026-05-20T01:56:06.744+0000] {processor.py:830} INFO - Processing file /opt/airflow/dags/canal_moins_pipeline.py for tasks to queue
[2026-05-20T01:56:06.746+0000] {logging_mixin.py:188} INFO - [2026-05-20T01:56:06.746+0000] {dagbag.py:538} INFO - Filling up the DagBag from /opt/airflow/dags/canal_moins_pipeline.py
[2026-05-20T01:56:06.798+0000] {processor.py:840} INFO - DAG(s) 'canal_moins_viewing_events_pipeline' retrieved from /opt/airflow/dags/canal_moins_pipeline.py
[2026-05-20T01:56:06.835+0000] {logging_mixin.py:188} INFO - [2026-05-20T01:56:06.835+0000] {dag.py:3036} INFO - Sync 1 DAGs
[2026-05-20T01:56:06.870+0000] {logging_mixin.py:188} INFO - [2026-05-20T01:56:06.870+0000] {dag.py:3823} INFO - Setting next_dagrun for canal_moins_viewing_events_pipeline to 2026-05-20 01:45:00+00:00, run_after=2026-05-20 02:00:00+00:00
[2026-05-20T01:56:06.897+0000] {processor.py:183} INFO - Processing /opt/airflow/dags/canal_moins_pipeline.py took 0.159 seconds
[2026-05-20T01:56:37.306+0000] {processor.py:161} INFO - Started process (PID=2831) to work on /opt/airflow/dags/canal_moins_pipeline.py
[2026-05-20T01:56:37.309+0000] {processor.py:830} INFO - Processing file /opt/airflow/dags/canal_moins_pipeline.py for tasks to queue
[2026-05-20T01:56:37.312+0000] {logging_mixin.py:188} INFO - [2026-05-20T01:56:37.311+0000] {dagbag.py:538} INFO - Filling up the DagBag from /opt/airflow/dags/canal_moins_pipeline.py
[2026-05-20T01:56:37.391+0000] {processor.py:840} INFO - DAG(s) 'canal_moins_viewing_events_pipeline' retrieved from /opt/airflow/dags/canal_moins_pipeline.py
[2026-05-20T01:56:37.449+0000] {logging_mixin.py:188} INFO - [2026-05-20T01:56:37.448+0000] {dag.py:3036} INFO - Sync 1 DAGs
[2026-05-20T01:56:37.504+0000] {logging_mixin.py:188} INFO - [2026-05-20T01:56:37.503+0000] {dag.py:3823} INFO - Setting next_dagrun for canal_moins_viewing_events_pipeline to 2026-05-20 01:45:00+00:00, run_after=2026-05-20 02:00:00+00:00
[2026-05-20T01:56:37.620+0000] {processor.py:183} INFO - Processing /opt/airflow/dags/canal_moins_pipeline.py took 0.320 seconds
[2026-05-20T01:57:07.966+0000] {processor.py:161} INFO - Started process (PID=2842) to work on /opt/airflow/dags/canal_moins_pipeline.py
[2026-05-20T01:57:07.972+0000] {processor.py:830} INFO - Processing file /opt/airflow/dags/canal_moins_pipeline.py for tasks to queue
[2026-05-20T01:57:07.978+0000] {logging_mixin.py:188} INFO - [2026-05-20T01:57:07.977+0000] {dagbag.py:538} INFO - Filling up the DagBag from /opt/airflow/dags/canal_moins_pipeline.py
[2026-05-20T01:57:08.159+0000] {processor.py:840} INFO - DAG(s) 'canal_moins_viewing_events_pipeline' retrieved from /opt/airflow/dags/canal_moins_pipeline.py
[2026-05-20T01:57:08.232+0000] {logging_mixin.py:188} INFO - [2026-05-20T01:57:08.231+0000] {dag.py:3036} INFO - Sync 1 DAGs
[2026-05-20T01:57:08.332+0000] {logging_mixin.py:188} INFO - [2026-05-20T01:57:08.332+0000] {dag.py:3823} INFO - Setting next_dagrun for canal_moins_viewing_events_pipeline to 2026-05-20 01:45:00+00:00, run_after=2026-05-20 02:00:00+00:00
[2026-05-20T01:57:08.407+0000] {processor.py:183} INFO - Processing /opt/airflow/dags/canal_moins_pipeline.py took 0.447 seconds
[2026-05-20T01:57:38.618+0000] {processor.py:161} INFO - Started process (PID=2853) to work on /opt/airflow/dags/canal_moins_pipeline.py
[2026-05-20T01:57:38.620+0000] {processor.py:830} INFO - Processing file /opt/airflow/dags/canal_moins_pipeline.py for tasks to queue
[2026-05-20T01:57:38.623+0000] {logging_mixin.py:188} INFO - [2026-05-20T01:57:38.622+0000] {dagbag.py:538} INFO - Filling up the DagBag from /opt/airflow/dags/canal_moins_pipeline.py
[2026-05-20T01:57:38.728+0000] {processor.py:840} INFO - DAG(s) 'canal_moins_viewing_events_pipeline' retrieved from /opt/airflow/dags/canal_moins_pipeline.py
[2026-05-20T01:57:38.832+0000] {logging_mixin.py:188} INFO - [2026-05-20T01:57:38.831+0000] {dag.py:3036} INFO - Sync 1 DAGs
[2026-05-20T01:57:38.932+0000] {logging_mixin.py:188} INFO - [2026-05-20T01:57:38.931+0000] {dag.py:3823} INFO - Setting next_dagrun for canal_moins_viewing_events_pipeline to 2026-05-20 01:45:00+00:00, run_after=2026-05-20 02:00:00+00:00
[2026-05-20T01:57:39.029+0000] {processor.py:183} INFO - Processing /opt/airflow/dags/canal_moins_pipeline.py took 0.419 seconds
[2026-05-20T01:58:09.457+0000] {processor.py:161} INFO - Started process (PID=2864) to work on /opt/airflow/dags/canal_moins_pipeline.py
[2026-05-20T01:58:09.464+0000] {processor.py:830} INFO - Processing file /opt/airflow/dags/canal_moins_pipeline.py for tasks to queue
[2026-05-20T01:58:09.469+0000] {logging_mixin.py:188} INFO - [2026-05-20T01:58:09.468+0000] {dagbag.py:538} INFO - Filling up the DagBag from /opt/airflow/dags/canal_moins_pipeline.py
[2026-05-20T01:58:09.559+0000] {processor.py:840} INFO - DAG(s) 'canal_moins_viewing_events_pipeline' retrieved from /opt/airflow/dags/canal_moins_pipeline.py
[2026-05-20T01:58:09.621+0000] {logging_mixin.py:188} INFO - [2026-05-20T01:58:09.620+0000] {dag.py:3036} INFO - Sync 1 DAGs
[2026-05-20T01:58:09.671+0000] {logging_mixin.py:188} INFO - [2026-05-20T01:58:09.671+0000] {dag.py:3823} INFO - Setting next_dagrun for canal_moins_viewing_events_pipeline to 2026-05-20 01:45:00+00:00, run_after=2026-05-20 02:00:00+00:00
[2026-05-20T01:58:09.716+0000] {processor.py:183} INFO - Processing /opt/airflow/dags/canal_moins_pipeline.py took 0.266 seconds
[2026-05-20T01:58:40.297+0000] {processor.py:161} INFO - Started process (PID=2875) to work on /opt/airflow/dags/canal_moins_pipeline.py
[2026-05-20T01:58:40.303+0000] {processor.py:830} INFO - Processing file /opt/airflow/dags/canal_moins_pipeline.py for tasks to queue
[2026-05-20T01:58:40.313+0000] {logging_mixin.py:188} INFO - [2026-05-20T01:58:40.311+0000] {dagbag.py:538} INFO - Filling up the DagBag from /opt/airflow/dags/canal_moins_pipeline.py
[2026-05-20T01:58:40.529+0000] {processor.py:840} INFO - DAG(s) 'canal_moins_viewing_events_pipeline' retrieved from /opt/airflow/dags/canal_moins_pipeline.py
[2026-05-20T01:58:40.725+0000] {logging_mixin.py:188} INFO - [2026-05-20T01:58:40.723+0000] {dag.py:3036} INFO - Sync 1 DAGs
[2026-05-20T01:58:40.915+0000] {logging_mixin.py:188} INFO - [2026-05-20T01:58:40.913+0000] {dag.py:3823} INFO - Setting next_dagrun for canal_moins_viewing_events_pipeline to 2026-05-20 01:45:00+00:00, run_after=2026-05-20 02:00:00+00:00
[2026-05-20T01:58:41.092+0000] {processor.py:183} INFO - Processing /opt/airflow/dags/canal_moins_pipeline.py took 0.809 seconds
[2026-05-20T01:59:12.529+0000] {processor.py:161} INFO - Started process (PID=2886) to work on /opt/airflow/dags/canal_moins_pipeline.py
[2026-05-20T01:59:12.561+0000] {processor.py:830} INFO - Processing file /opt/airflow/dags/canal_moins_pipeline.py for tasks to queue
[2026-05-20T01:59:12.592+0000] {logging_mixin.py:188} INFO - [2026-05-20T01:59:12.590+0000] {dagbag.py:538} INFO - Filling up the DagBag from /opt/airflow/dags/canal_moins_pipeline.py
[2026-05-20T01:59:12.995+0000] {processor.py:840} INFO - DAG(s) 'canal_moins_viewing_events_pipeline' retrieved from /opt/airflow/dags/canal_moins_pipeline.py
[2026-05-20T01:59:13.145+0000] {logging_mixin.py:188} INFO - [2026-05-20T01:59:13.144+0000] {dag.py:3036} INFO - Sync 1 DAGs
[2026-05-20T01:59:13.344+0000] {logging_mixin.py:188} INFO - [2026-05-20T01:59:13.343+0000] {dag.py:3823} INFO - Setting next_dagrun for canal_moins_viewing_events_pipeline to 2026-05-20 01:45:00+00:00, run_after=2026-05-20 02:00:00+00:00
[2026-05-20T01:59:13.519+0000] {processor.py:183} INFO - Processing /opt/airflow/dags/canal_moins_pipeline.py took 1.017 seconds
[2026-05-20T01:59:44.409+0000] {processor.py:161} INFO - Started process (PID=2904) to work on /opt/airflow/dags/canal_moins_pipeline.py
[2026-05-20T01:59:44.415+0000] {processor.py:830} INFO - Processing file /opt/airflow/dags/canal_moins_pipeline.py for tasks to queue
[2026-05-20T01:59:44.421+0000] {logging_mixin.py:188} INFO - [2026-05-20T01:59:44.420+0000] {dagbag.py:538} INFO - Filling up the DagBag from /opt/airflow/dags/canal_moins_pipeline.py
[2026-05-20T01:59:44.579+0000] {processor.py:840} INFO - DAG(s) 'canal_moins_viewing_events_pipeline' retrieved from /opt/airflow/dags/canal_moins_pipeline.py
[2026-05-20T01:59:44.686+0000] {logging_mixin.py:188} INFO - [2026-05-20T01:59:44.685+0000] {dag.py:3036} INFO - Sync 1 DAGs
[2026-05-20T01:59:44.811+0000] {logging_mixin.py:188} INFO - [2026-05-20T01:59:44.811+0000] {dag.py:3823} INFO - Setting next_dagrun for canal_moins_viewing_events_pipeline to 2026-05-20 01:45:00+00:00, run_after=2026-05-20 02:00:00+00:00
[2026-05-20T01:59:44.957+0000] {processor.py:183} INFO - Processing /opt/airflow/dags/canal_moins_pipeline.py took 0.556 seconds
[2026-05-20T02:00:16.188+0000] {processor.py:161} INFO - Started process (PID=2924) to work on /opt/airflow/dags/canal_moins_pipeline.py
[2026-05-20T02:00:16.199+0000] {processor.py:830} INFO - Processing file /opt/airflow/dags/canal_moins_pipeline.py for tasks to queue
[2026-05-20T02:00:16.217+0000] {logging_mixin.py:188} INFO - [2026-05-20T02:00:16.216+0000] {dagbag.py:538} INFO - Filling up the DagBag from /opt/airflow/dags/canal_moins_pipeline.py
[2026-05-20T02:00:16.720+0000] {processor.py:840} INFO - DAG(s) 'canal_moins_viewing_events_pipeline' retrieved from /opt/airflow/dags/canal_moins_pipeline.py
[2026-05-20T02:00:16.941+0000] {logging_mixin.py:188} INFO - [2026-05-20T02:00:16.940+0000] {dag.py:3036} INFO - Sync 1 DAGs
[2026-05-20T02:00:17.249+0000] {processor.py:183} INFO - Processing /opt/airflow/dags/canal_moins_pipeline.py took 1.082 seconds
[2026-05-20T02:00:47.449+0000] {processor.py:161} INFO - Started process (PID=2938) to work on /opt/airflow/dags/canal_moins_pipeline.py
[2026-05-20T02:00:47.451+0000] {processor.py:830} INFO - Processing file /opt/airflow/dags/canal_moins_pipeline.py for tasks to queue
[2026-05-20T02:00:47.453+0000] {logging_mixin.py:188} INFO - [2026-05-20T02:00:47.453+0000] {dagbag.py:538} INFO - Filling up the DagBag from /opt/airflow/dags/canal_moins_pipeline.py
[2026-05-20T02:00:47.527+0000] {processor.py:840} INFO - DAG(s) 'canal_moins_viewing_events_pipeline' retrieved from /opt/airflow/dags/canal_moins_pipeline.py
[2026-05-20T02:00:47.596+0000] {logging_mixin.py:188} INFO - [2026-05-20T02:00:47.596+0000] {dag.py:3036} INFO - Sync 1 DAGs
[2026-05-20T02:00:47.653+0000] {logging_mixin.py:188} INFO - [2026-05-20T02:00:47.653+0000] {dag.py:3823} INFO - Setting next_dagrun for canal_moins_viewing_events_pipeline to 2026-05-20 02:00:00+00:00, run_after=2026-05-20 02:15:00+00:00
[2026-05-20T02:00:47.700+0000] {processor.py:183} INFO - Processing /opt/airflow/dags/canal_moins_pipeline.py took 0.258 seconds
[2026-05-20T02:01:17.898+0000] {processor.py:161} INFO - Started process (PID=2949) to work on /opt/airflow/dags/canal_moins_pipeline.py
[2026-05-20T02:01:17.900+0000] {processor.py:830} INFO - Processing file /opt/airflow/dags/canal_moins_pipeline.py for tasks to queue
[2026-05-20T02:01:17.903+0000] {logging_mixin.py:188} INFO - [2026-05-20T02:01:17.903+0000] {dagbag.py:538} INFO - Filling up the DagBag from /opt/airflow/dags/canal_moins_pipeline.py
[2026-05-20T02:01:17.969+0000] {processor.py:840} INFO - DAG(s) 'canal_moins_viewing_events_pipeline' retrieved from /opt/airflow/dags/canal_moins_pipeline.py
[2026-05-20T02:01:18.061+0000] {logging_mixin.py:188} INFO - [2026-05-20T02:01:18.060+0000] {dag.py:3036} INFO - Sync 1 DAGs
[2026-05-20T02:01:18.148+0000] {logging_mixin.py:188} INFO - [2026-05-20T02:01:18.145+0000] {dag.py:3823} INFO - Setting next_dagrun for canal_moins_viewing_events_pipeline to 2026-05-20 02:00:00+00:00, run_after=2026-05-20 02:15:00+00:00
[2026-05-20T02:01:18.279+0000] {processor.py:183} INFO - Processing /opt/airflow/dags/canal_moins_pipeline.py took 0.387 seconds
[2026-05-20T02:01:48.689+0000] {processor.py:161} INFO - Started process (PID=2960) to work on /opt/airflow/dags/canal_moins_pipeline.py
[2026-05-20T02:01:48.699+0000] {processor.py:830} INFO - Processing file /opt/airflow/dags/canal_moins_pipeline.py for tasks to queue
[2026-05-20T02:01:48.705+0000] {logging_mixin.py:188} INFO - [2026-05-20T02:01:48.703+0000] {dagbag.py:538} INFO - Filling up the DagBag from /opt/airflow/dags/canal_moins_pipeline.py
[2026-05-20T02:01:48.889+0000] {processor.py:840} INFO - DAG(s) 'canal_moins_viewing_events_pipeline' retrieved from /opt/airflow/dags/canal_moins_pipeline.py
[2026-05-20T02:01:49.038+0000] {logging_mixin.py:188} INFO - [2026-05-20T02:01:49.038+0000] {dag.py:3036} INFO - Sync 1 DAGs
[2026-05-20T02:01:49.191+0000] {logging_mixin.py:188} INFO - [2026-05-20T02:01:49.189+0000] {dag.py:3823} INFO - Setting next_dagrun for canal_moins_viewing_events_pipeline to 2026-05-20 02:00:00+00:00, run_after=2026-05-20 02:15:00+00:00
[2026-05-20T02:01:49.313+0000] {processor.py:183} INFO - Processing /opt/airflow/dags/canal_moins_pipeline.py took 0.638 seconds
[2026-05-20T02:02:19.709+0000] {processor.py:161} INFO - Started process (PID=2971) to work on /opt/airflow/dags/canal_moins_pipeline.py
[2026-05-20T02:02:19.732+0000] {processor.py:830} INFO - Processing file /opt/airflow/dags/canal_moins_pipeline.py for tasks to queue
[2026-05-20T02:02:19.744+0000] {logging_mixin.py:188} INFO - [2026-05-20T02:02:19.742+0000] {dagbag.py:538} INFO - Filling up the DagBag from /opt/airflow/dags/canal_moins_pipeline.py
[2026-05-20T02:02:20.023+0000] {processor.py:840} INFO - DAG(s) 'canal_moins_viewing_events_pipeline' retrieved from /opt/airflow/dags/canal_moins_pipeline.py
[2026-05-20T02:02:20.225+0000] {logging_mixin.py:188} INFO - [2026-05-20T02:02:20.224+0000] {dag.py:3036} INFO - Sync 1 DAGs
[2026-05-20T02:02:20.427+0000] {logging_mixin.py:188} INFO - [2026-05-20T02:02:20.425+0000] {dag.py:3823} INFO - Setting next_dagrun for canal_moins_viewing_events_pipeline to 2026-05-20 02:00:00+00:00, run_after=2026-05-20 02:15:00+00:00
[2026-05-20T02:02:20.588+0000] {processor.py:183} INFO - Processing /opt/airflow/dags/canal_moins_pipeline.py took 0.901 seconds
[2026-05-20T02:02:51.239+0000] {processor.py:161} INFO - Started process (PID=2982) to work on /opt/airflow/dags/canal_moins_pipeline.py
[2026-05-20T02:02:51.243+0000] {processor.py:830} INFO - Processing file /opt/airflow/dags/canal_moins_pipeline.py for tasks to queue
[2026-05-20T02:02:51.248+0000] {logging_mixin.py:188} INFO - [2026-05-20T02:02:51.246+0000] {dagbag.py:538} INFO - Filling up the DagBag from /opt/airflow/dags/canal_moins_pipeline.py
[2026-05-20T02:02:51.366+0000] {processor.py:840} INFO - DAG(s) 'canal_moins_viewing_events_pipeline' retrieved from /opt/airflow/dags/canal_moins_pipeline.py
[2026-05-20T02:02:51.630+0000] {logging_mixin.py:188} INFO - [2026-05-20T02:02:51.629+0000] {dag.py:3036} INFO - Sync 1 DAGs
[2026-05-20T02:02:51.855+0000] {logging_mixin.py:188} INFO - [2026-05-20T02:02:51.853+0000] {dag.py:3823} INFO - Setting next_dagrun for canal_moins_viewing_events_pipeline to 2026-05-20 02:00:00+00:00, run_after=2026-05-20 02:15:00+00:00
[2026-05-20T02:02:52.003+0000] {processor.py:183} INFO - Processing /opt/airflow/dags/canal_moins_pipeline.py took 0.776 seconds
[2026-05-20T02:03:22.586+0000] {processor.py:161} INFO - Started process (PID=2993) to work on /opt/airflow/dags/canal_moins_pipeline.py
[2026-05-20T02:03:22.589+0000] {processor.py:830} INFO - Processing file /opt/airflow/dags/canal_moins_pipeline.py for tasks to queue
[2026-05-20T02:03:22.592+0000] {logging_mixin.py:188} INFO - [2026-05-20T02:03:22.591+0000] {dagbag.py:538} INFO - Filling up the DagBag from /opt/airflow/dags/canal_moins_pipeline.py
[2026-05-20T02:03:22.667+0000] {processor.py:840} INFO - DAG(s) 'canal_moins_viewing_events_pipeline' retrieved from /opt/airflow/dags/canal_moins_pipeline.py
[2026-05-20T02:03:22.745+0000] {logging_mixin.py:188} INFO - [2026-05-20T02:03:22.745+0000] {dag.py:3036} INFO - Sync 1 DAGs
[2026-05-20T02:03:22.811+0000] {logging_mixin.py:188} INFO - [2026-05-20T02:03:22.811+0000] {dag.py:3823} INFO - Setting next_dagrun for canal_moins_viewing_events_pipeline to 2026-05-20 02:00:00+00:00, run_after=2026-05-20 02:15:00+00:00
[2026-05-20T02:03:22.867+0000] {processor.py:183} INFO - Processing /opt/airflow/dags/canal_moins_pipeline.py took 0.293 seconds
[2026-05-20T02:03:53.188+0000] {processor.py:161} INFO - Started process (PID=3004) to work on /opt/airflow/dags/canal_moins_pipeline.py
[2026-05-20T02:03:53.192+0000] {processor.py:830} INFO - Processing file /opt/airflow/dags/canal_moins_pipeline.py for tasks to queue
[2026-05-20T02:03:53.197+0000] {logging_mixin.py:188} INFO - [2026-05-20T02:03:53.196+0000] {dagbag.py:538} INFO - Filling up the DagBag from /opt/airflow/dags/canal_moins_pipeline.py
[2026-05-20T02:03:53.287+0000] {processor.py:840} INFO - DAG(s) 'canal_moins_viewing_events_pipeline' retrieved from /opt/airflow/dags/canal_moins_pipeline.py
[2026-05-20T02:03:53.409+0000] {logging_mixin.py:188} INFO - [2026-05-20T02:03:53.409+0000] {dag.py:3036} INFO - Sync 1 DAGs
[2026-05-20T02:03:53.503+0000] {logging_mixin.py:188} INFO - [2026-05-20T02:03:53.503+0000] {dag.py:3823} INFO - Setting next_dagrun for canal_moins_viewing_events_pipeline to 2026-05-20 02:00:00+00:00, run_after=2026-05-20 02:15:00+00:00
[2026-05-20T02:03:53.579+0000] {processor.py:183} INFO - Processing /opt/airflow/dags/canal_moins_pipeline.py took 0.401 seconds
[2026-05-20T02:04:24.365+0000] {processor.py:161} INFO - Started process (PID=3015) to work on /opt/airflow/dags/canal_moins_pipeline.py
[2026-05-20T02:04:24.370+0000] {processor.py:830} INFO - Processing file /opt/airflow/dags/canal_moins_pipeline.py for tasks to queue
[2026-05-20T02:04:24.375+0000] {logging_mixin.py:188} INFO - [2026-05-20T02:04:24.375+0000] {dagbag.py:538} INFO - Filling up the DagBag from /opt/airflow/dags/canal_moins_pipeline.py
[2026-05-20T02:04:24.486+0000] {processor.py:840} INFO - DAG(s) 'canal_moins_viewing_events_pipeline' retrieved from /opt/airflow/dags/canal_moins_pipeline.py
[2026-05-20T02:04:24.553+0000] {logging_mixin.py:188} INFO - [2026-05-20T02:04:24.552+0000] {dag.py:3036} INFO - Sync 1 DAGs
[2026-05-20T02:04:25.076+0000] {logging_mixin.py:188} INFO - [2026-05-20T02:04:25.075+0000] {dag.py:3823} INFO - Setting next_dagrun for canal_moins_viewing_events_pipeline to 2026-05-20 02:00:00+00:00, run_after=2026-05-20 02:15:00+00:00
[2026-05-20T02:04:25.188+0000] {processor.py:183} INFO - Processing /opt/airflow/dags/canal_moins_pipeline.py took 0.829 seconds
[2026-05-20T02:04:56.365+0000] {processor.py:161} INFO - Started process (PID=3026) to work on /opt/airflow/dags/canal_moins_pipeline.py
[2026-05-20T02:04:56.372+0000] {processor.py:830} INFO - Processing file /opt/airflow/dags/canal_moins_pipeline.py for tasks to queue
[2026-05-20T02:04:56.378+0000] {logging_mixin.py:188} INFO - [2026-05-20T02:04:56.378+0000] {dagbag.py:538} INFO - Filling up the DagBag from /opt/airflow/dags/canal_moins_pipeline.py
[2026-05-20T02:04:56.669+0000] {processor.py:840} INFO - DAG(s) 'canal_moins_viewing_events_pipeline' retrieved from /opt/airflow/dags/canal_moins_pipeline.py
[2026-05-20T02:04:56.734+0000] {logging_mixin.py:188} INFO - [2026-05-20T02:04:56.734+0000] {dag.py:3036} INFO - Sync 1 DAGs
[2026-05-20T02:04:56.787+0000] {logging_mixin.py:188} INFO - [2026-05-20T02:04:56.787+0000] {dag.py:3823} INFO - Setting next_dagrun for canal_moins_viewing_events_pipeline to 2026-05-20 02:00:00+00:00, run_after=2026-05-20 02:15:00+00:00
[2026-05-20T02:04:56.849+0000] {processor.py:183} INFO - Processing /opt/airflow/dags/canal_moins_pipeline.py took 0.492 seconds
[2026-05-20T02:05:27.303+0000] {processor.py:161} INFO - Started process (PID=3037) to work on /opt/airflow/dags/canal_moins_pipeline.py
[2026-05-20T02:05:27.316+0000] {processor.py:830} INFO - Processing file /opt/airflow/dags/canal_moins_pipeline.py for tasks to queue
[2026-05-20T02:05:27.325+0000] {logging_mixin.py:188} INFO - [2026-05-20T02:05:27.324+0000] {dagbag.py:538} INFO - Filling up the DagBag from /opt/airflow/dags/canal_moins_pipeline.py
[2026-05-20T02:05:27.485+0000] {processor.py:840} INFO - DAG(s) 'canal_moins_viewing_events_pipeline' retrieved from /opt/airflow/dags/canal_moins_pipeline.py
[2026-05-20T02:05:27.567+0000] {logging_mixin.py:188} INFO - [2026-05-20T02:05:27.566+0000] {dag.py:3036} INFO - Sync 1 DAGs
[2026-05-20T02:05:27.627+0000] {logging_mixin.py:188} INFO - [2026-05-20T02:05:27.626+0000] {dag.py:3823} INFO - Setting next_dagrun for canal_moins_viewing_events_pipeline to 2026-05-20 02:00:00+00:00, run_after=2026-05-20 02:15:00+00:00
[2026-05-20T02:05:27.710+0000] {processor.py:183} INFO - Processing /opt/airflow/dags/canal_moins_pipeline.py took 0.414 seconds
[2026-05-20T02:05:58.632+0000] {processor.py:161} INFO - Started process (PID=3048) to work on /opt/airflow/dags/canal_moins_pipeline.py
[2026-05-20T02:05:58.641+0000] {processor.py:830} INFO - Processing file /opt/airflow/dags/canal_moins_pipeline.py for tasks to queue
[2026-05-20T02:05:58.651+0000] {logging_mixin.py:188} INFO - [2026-05-20T02:05:58.649+0000] {dagbag.py:538} INFO - Filling up the DagBag from /opt/airflow/dags/canal_moins_pipeline.py
[2026-05-20T02:05:58.901+0000] {processor.py:840} INFO - DAG(s) 'canal_moins_viewing_events_pipeline' retrieved from /opt/airflow/dags/canal_moins_pipeline.py
[2026-05-20T02:05:59.024+0000] {logging_mixin.py:188} INFO - [2026-05-20T02:05:59.023+0000] {dag.py:3036} INFO - Sync 1 DAGs
[2026-05-20T02:05:59.185+0000] {logging_mixin.py:188} INFO - [2026-05-20T02:05:59.184+0000] {dag.py:3823} INFO - Setting next_dagrun for canal_moins_viewing_events_pipeline to 2026-05-20 02:00:00+00:00, run_after=2026-05-20 02:15:00+00:00
[2026-05-20T02:05:59.279+0000] {processor.py:183} INFO - Processing /opt/airflow/dags/canal_moins_pipeline.py took 0.654 seconds
[2026-05-20T02:06:29.921+0000] {processor.py:161} INFO - Started process (PID=3059) to work on /opt/airflow/dags/canal_moins_pipeline.py
[2026-05-20T02:06:29.928+0000] {processor.py:830} INFO - Processing file /opt/airflow/dags/canal_moins_pipeline.py for tasks to queue
[2026-05-20T02:06:29.933+0000] {logging_mixin.py:188} INFO - [2026-05-20T02:06:29.932+0000] {dagbag.py:538} INFO - Filling up the DagBag from /opt/airflow/dags/canal_moins_pipeline.py
[2026-05-20T02:06:30.252+0000] {processor.py:840} INFO - DAG(s) 'canal_moins_viewing_events_pipeline' retrieved from /opt/airflow/dags/canal_moins_pipeline.py
[2026-05-20T02:06:30.344+0000] {logging_mixin.py:188} INFO - [2026-05-20T02:06:30.344+0000] {dag.py:3036} INFO - Sync 1 DAGs
[2026-05-20T02:06:30.416+0000] {logging_mixin.py:188} INFO - [2026-05-20T02:06:30.416+0000] {dag.py:3823} INFO - Setting next_dagrun for canal_moins_viewing_events_pipeline to 2026-05-20 02:00:00+00:00, run_after=2026-05-20 02:15:00+00:00
[2026-05-20T02:06:30.491+0000] {processor.py:183} INFO - Processing /opt/airflow/dags/canal_moins_pipeline.py took 0.577 seconds
[2026-05-20T02:07:01.138+0000] {processor.py:161} INFO - Started process (PID=3070) to work on /opt/airflow/dags/canal_moins_pipeline.py
[2026-05-20T02:07:01.144+0000] {processor.py:830} INFO - Processing file /opt/airflow/dags/canal_moins_pipeline.py for tasks to queue
[2026-05-20T02:07:01.153+0000] {logging_mixin.py:188} INFO - [2026-05-20T02:07:01.151+0000] {dagbag.py:538} INFO - Filling up the DagBag from /opt/airflow/dags/canal_moins_pipeline.py
[2026-05-20T02:07:01.278+0000] {processor.py:840} INFO - DAG(s) 'canal_moins_viewing_events_pipeline' retrieved from /opt/airflow/dags/canal_moins_pipeline.py
[2026-05-20T02:07:01.467+0000] {logging_mixin.py:188} INFO - [2026-05-20T02:07:01.466+0000] {dag.py:3036} INFO - Sync 1 DAGs
[2026-05-20T02:07:01.619+0000] {logging_mixin.py:188} INFO - [2026-05-20T02:07:01.618+0000] {dag.py:3823} INFO - Setting next_dagrun for canal_moins_viewing_events_pipeline to 2026-05-20 02:00:00+00:00, run_after=2026-05-20 02:15:00+00:00
[2026-05-20T02:07:01.731+0000] {processor.py:183} INFO - Processing /opt/airflow/dags/canal_moins_pipeline.py took 0.610 seconds
[2026-05-20T02:07:32.316+0000] {processor.py:161} INFO - Started process (PID=3081) to work on /opt/airflow/dags/canal_moins_pipeline.py
[2026-05-20T02:07:32.319+0000] {processor.py:830} INFO - Processing file /opt/airflow/dags/canal_moins_pipeline.py for tasks to queue
[2026-05-20T02:07:32.322+0000] {logging_mixin.py:188} INFO - [2026-05-20T02:07:32.321+0000] {dagbag.py:538} INFO - Filling up the DagBag from /opt/airflow/dags/canal_moins_pipeline.py
[2026-05-20T02:07:32.397+0000] {processor.py:840} INFO - DAG(s) 'canal_moins_viewing_events_pipeline' retrieved from /opt/airflow/dags/canal_moins_pipeline.py
[2026-05-20T02:07:32.479+0000] {logging_mixin.py:188} INFO - [2026-05-20T02:07:32.478+0000] {dag.py:3036} INFO - Sync 1 DAGs
[2026-05-20T02:07:32.539+0000] {logging_mixin.py:188} INFO - [2026-05-20T02:07:32.539+0000] {dag.py:3823} INFO - Setting next_dagrun for canal_moins_viewing_events_pipeline to 2026-05-20 02:00:00+00:00, run_after=2026-05-20 02:15:00+00:00
[2026-05-20T02:07:32.612+0000] {processor.py:183} INFO - Processing /opt/airflow/dags/canal_moins_pipeline.py took 0.308 seconds
[2026-05-20T02:08:03.169+0000] {processor.py:161} INFO - Started process (PID=3092) to work on /opt/airflow/dags/canal_moins_pipeline.py
[2026-05-20T02:08:03.172+0000] {processor.py:830} INFO - Processing file /opt/airflow/dags/canal_moins_pipeline.py for tasks to queue
[2026-05-20T02:08:03.176+0000] {logging_mixin.py:188} INFO - [2026-05-20T02:08:03.175+0000] {dagbag.py:538} INFO - Filling up the DagBag from /opt/airflow/dags/canal_moins_pipeline.py
[2026-05-20T02:08:03.274+0000] {processor.py:840} INFO - DAG(s) 'canal_moins_viewing_events_pipeline' retrieved from /opt/airflow/dags/canal_moins_pipeline.py
[2026-05-20T02:08:03.444+0000] {logging_mixin.py:188} INFO - [2026-05-20T02:08:03.443+0000] {dag.py:3036} INFO - Sync 1 DAGs
[2026-05-20T02:08:03.613+0000] {logging_mixin.py:188} INFO - [2026-05-20T02:08:03.612+0000] {dag.py:3823} INFO - Setting next_dagrun for canal_moins_viewing_events_pipeline to 2026-05-20 02:00:00+00:00, run_after=2026-05-20 02:15:00+00:00
[2026-05-20T02:08:03.751+0000] {processor.py:183} INFO - Processing /opt/airflow/dags/canal_moins_pipeline.py took 0.592 seconds
[2026-05-20T02:08:34.415+0000] {processor.py:161} INFO - Started process (PID=3103) to work on /opt/airflow/dags/canal_moins_pipeline.py
[2026-05-20T02:08:34.419+0000] {processor.py:830} INFO - Processing file /opt/airflow/dags/canal_moins_pipeline.py for tasks to queue
[2026-05-20T02:08:34.422+0000] {logging_mixin.py:188} INFO - [2026-05-20T02:08:34.421+0000] {dagbag.py:538} INFO - Filling up the DagBag from /opt/airflow/dags/canal_moins_pipeline.py
[2026-05-20T02:08:34.513+0000] {processor.py:840} INFO - DAG(s) 'canal_moins_viewing_events_pipeline' retrieved from /opt/airflow/dags/canal_moins_pipeline.py
[2026-05-20T02:08:34.610+0000] {logging_mixin.py:188} INFO - [2026-05-20T02:08:34.610+0000] {dag.py:3036} INFO - Sync 1 DAGs
[2026-05-20T02:08:34.761+0000] {logging_mixin.py:188} INFO - [2026-05-20T02:08:34.761+0000] {dag.py:3823} INFO - Setting next_dagrun for canal_moins_viewing_events_pipeline to 2026-05-20 02:00:00+00:00, run_after=2026-05-20 02:15:00+00:00
[2026-05-20T02:08:34.893+0000] {processor.py:183} INFO - Processing /opt/airflow/dags/canal_moins_pipeline.py took 0.488 seconds
[2026-05-20T02:09:05.414+0000] {processor.py:161} INFO - Started process (PID=3114) to work on /opt/airflow/dags/canal_moins_pipeline.py
[2026-05-20T02:09:05.417+0000] {processor.py:830} INFO - Processing file /opt/airflow/dags/canal_moins_pipeline.py for tasks to queue
[2026-05-20T02:09:05.419+0000] {logging_mixin.py:188} INFO - [2026-05-20T02:09:05.419+0000] {dagbag.py:538} INFO - Filling up the DagBag from /opt/airflow/dags/canal_moins_pipeline.py
[2026-05-20T02:09:05.477+0000] {processor.py:840} INFO - DAG(s) 'canal_moins_viewing_events_pipeline' retrieved from /opt/airflow/dags/canal_moins_pipeline.py
[2026-05-20T02:09:05.530+0000] {logging_mixin.py:188} INFO - [2026-05-20T02:09:05.529+0000] {dag.py:3036} INFO - Sync 1 DAGs
[2026-05-20T02:09:05.571+0000] {logging_mixin.py:188} INFO - [2026-05-20T02:09:05.571+0000] {dag.py:3823} INFO - Setting next_dagrun for canal_moins_viewing_events_pipeline to 2026-05-20 02:00:00+00:00, run_after=2026-05-20 02:15:00+00:00
[2026-05-20T02:09:05.608+0000] {processor.py:183} INFO - Processing /opt/airflow/dags/canal_moins_pipeline.py took 0.200 seconds
