[2026-05-19T16:15:04.513+0000] {taskinstance.py:1956} INFO - Dependencies all met for dep_context=non-requeueable deps ti=<TaskInstance: canal_moins_viewing_events_pipeline.run_quality_checks scheduled__2026-05-19T16:00:00+00:00 [queued]>
[2026-05-19T16:15:04.526+0000] {taskinstance.py:1956} INFO - Dependencies all met for dep_context=requeueable deps ti=<TaskInstance: canal_moins_viewing_events_pipeline.run_quality_checks scheduled__2026-05-19T16:00:00+00:00 [queued]>
[2026-05-19T16:15:04.527+0000] {taskinstance.py:2170} INFO - Starting attempt 1 of 3
[2026-05-19T16:15:04.546+0000] {taskinstance.py:2191} INFO - Executing <Task(PythonOperator): run_quality_checks> on 2026-05-19 16:00:00+00:00
[2026-05-19T16:15:04.551+0000] {standard_task_runner.py:60} INFO - Started process 1707 to run task
[2026-05-19T16:15:04.555+0000] {standard_task_runner.py:87} INFO - Running: ['***', 'tasks', 'run', 'canal_moins_viewing_events_pipeline', 'run_quality_checks', 'scheduled__2026-05-19T16:00:00+00:00', '--job-id', '16', '--raw', '--subdir', 'DAGS_FOLDER/canal_moins_pipeline.py', '--cfg-path', '/tmp/tmp_dnu3w2p']
[2026-05-19T16:15:04.557+0000] {standard_task_runner.py:88} INFO - Job 16: Subtask run_quality_checks
[2026-05-19T16:15:04.664+0000] {task_command.py:423} INFO - Running <TaskInstance: canal_moins_viewing_events_pipeline.run_quality_checks scheduled__2026-05-19T16:00:00+00:00 [running]> on host c0d6bab3a033
[2026-05-19T16:15:04.814+0000] {taskinstance.py:2480} INFO - Exporting env vars: AIRFLOW_CTX_DAG_OWNER='canal-moins-data-team' AIRFLOW_CTX_DAG_ID='canal_moins_viewing_events_pipeline' AIRFLOW_CTX_TASK_ID='run_quality_checks' AIRFLOW_CTX_EXECUTION_DATE='2026-05-19T16:00:00+00:00' AIRFLOW_CTX_TRY_NUMBER='1' AIRFLOW_CTX_DAG_RUN_ID='scheduled__2026-05-19T16:00:00+00:00'
[2026-05-19T16:15:04.818+0000] {canal_moins_pipeline.py:203} INFO - 🔍 Running data quality checks on Bronze layer...
[2026-05-19T16:15:04.838+0000] {canal_moins_pipeline.py:265} INFO - 📊 Quality Report:
[2026-05-19T16:15:04.842+0000] {canal_moins_pipeline.py:267} INFO -   total_rows: 1500
[2026-05-19T16:15:04.844+0000] {canal_moins_pipeline.py:267} INFO -   null_subscribers: 0
[2026-05-19T16:15:04.848+0000] {canal_moins_pipeline.py:267} INFO -   invalid_completion: 0
[2026-05-19T16:15:04.852+0000] {canal_moins_pipeline.py:267} INFO -   unknown_countries: 0
[2026-05-19T16:15:04.854+0000] {canal_moins_pipeline.py:267} INFO -   fresh_rows: 1500
[2026-05-19T16:15:04.857+0000] {canal_moins_pipeline.py:267} INFO -   quality_score: 100.0
[2026-05-19T16:15:04.861+0000] {canal_moins_pipeline.py:275} INFO - ✅ Quality check passed: 100.0%
[2026-05-19T16:15:04.898+0000] {python.py:201} INFO - Done. Returned value was: 100.0
[2026-05-19T16:15:04.965+0000] {taskinstance.py:1138} INFO - Marking task as SUCCESS. dag_id=canal_moins_viewing_events_pipeline, task_id=run_quality_checks, execution_date=20260519T160000, start_date=20260519T161504, end_date=20260519T161504
[2026-05-19T16:15:05.009+0000] {local_task_job_runner.py:234} INFO - Task exited with return code 0
[2026-05-19T16:15:05.050+0000] {taskinstance.py:3280} INFO - 1 downstream tasks scheduled from follow-on schedule check
