[2026-05-20T01:29:29.943+0000] {taskinstance.py:1956} INFO - Dependencies all met for dep_context=non-requeueable deps ti=<TaskInstance: canal_moins_viewing_events_pipeline.log_pipeline_summary scheduled__2026-05-20T01:00:00+00:00 [queued]>
[2026-05-20T01:29:29.953+0000] {taskinstance.py:1956} INFO - Dependencies all met for dep_context=requeueable deps ti=<TaskInstance: canal_moins_viewing_events_pipeline.log_pipeline_summary scheduled__2026-05-20T01:00:00+00:00 [queued]>
[2026-05-20T01:29:29.954+0000] {taskinstance.py:2170} INFO - Starting attempt 1 of 3
[2026-05-20T01:29:29.966+0000] {taskinstance.py:2191} INFO - Executing <Task(PythonOperator): log_pipeline_summary> on 2026-05-20 01:00:00+00:00
[2026-05-20T01:29:29.971+0000] {standard_task_runner.py:60} INFO - Started process 2218 to run task
[2026-05-20T01:29:29.974+0000] {standard_task_runner.py:87} INFO - Running: ['***', 'tasks', 'run', 'canal_moins_viewing_events_pipeline', 'log_pipeline_summary', 'scheduled__2026-05-20T01:00:00+00:00', '--job-id', '37', '--raw', '--subdir', 'DAGS_FOLDER/canal_moins_pipeline.py', '--cfg-path', '/tmp/tmpt7l1py74']
[2026-05-20T01:29:29.976+0000] {standard_task_runner.py:88} INFO - Job 37: Subtask log_pipeline_summary
[2026-05-20T01:29:30.055+0000] {task_command.py:423} INFO - Running <TaskInstance: canal_moins_viewing_events_pipeline.log_pipeline_summary scheduled__2026-05-20T01:00:00+00:00 [running]> on host c0d6bab3a033
[2026-05-20T01:29:30.144+0000] {taskinstance.py:2480} INFO - Exporting env vars: AIRFLOW_CTX_DAG_OWNER='canal-moins-data-team' AIRFLOW_CTX_DAG_ID='canal_moins_viewing_events_pipeline' AIRFLOW_CTX_TASK_ID='log_pipeline_summary' AIRFLOW_CTX_EXECUTION_DATE='2026-05-20T01:00:00+00:00' AIRFLOW_CTX_TRY_NUMBER='1' AIRFLOW_CTX_DAG_RUN_ID='scheduled__2026-05-20T01:00:00+00:00'
[2026-05-20T01:29:30.198+0000] {canal_moins_pipeline.py:515} INFO - ============================================================
[2026-05-20T01:29:30.199+0000] {canal_moins_pipeline.py:516} INFO - 🏁 CANAL MOINS PIPELINE RUN SUMMARY
[2026-05-20T01:29:30.200+0000] {canal_moins_pipeline.py:517} INFO - ============================================================
[2026-05-20T01:29:30.200+0000] {canal_moins_pipeline.py:518} INFO -   Bronze events ingested : 500
[2026-05-20T01:29:30.201+0000] {canal_moins_pipeline.py:519} INFO -   Quality score          : 100.0%
[2026-05-20T01:29:30.201+0000] {canal_moins_pipeline.py:520} INFO -   Silver rows transformed: 10,500
[2026-05-20T01:29:30.202+0000] {canal_moins_pipeline.py:521} INFO -   Gold churn features    : 100
[2026-05-20T01:29:30.202+0000] {canal_moins_pipeline.py:522} INFO -   Status                 : ✅ SUCCESS
[2026-05-20T01:29:30.202+0000] {canal_moins_pipeline.py:523} INFO - ============================================================
[2026-05-20T01:29:30.203+0000] {python.py:201} INFO - Done. Returned value was: {'bronze': 500, 'quality': 100.0, 'silver': 10500, 'gold': 100}
[2026-05-20T01:29:30.228+0000] {taskinstance.py:1138} INFO - Marking task as SUCCESS. dag_id=canal_moins_viewing_events_pipeline, task_id=log_pipeline_summary, execution_date=20260520T010000, start_date=20260520T012929, end_date=20260520T012930
[2026-05-20T01:29:30.267+0000] {local_task_job_runner.py:234} INFO - Task exited with return code 0
[2026-05-20T01:29:30.288+0000] {taskinstance.py:3280} INFO - 0 downstream tasks scheduled from follow-on schedule check
