[2026-05-19T16:01:42.619+0000] {taskinstance.py:1956} INFO - Dependencies all met for dep_context=non-requeueable deps ti=<TaskInstance: canal_moins_viewing_events_pipeline.run_quality_checks manual__2026-05-19T16:01:32.690921+00:00 [queued]>
[2026-05-19T16:01:42.636+0000] {taskinstance.py:1956} INFO - Dependencies all met for dep_context=requeueable deps ti=<TaskInstance: canal_moins_viewing_events_pipeline.run_quality_checks manual__2026-05-19T16:01:32.690921+00:00 [queued]>
[2026-05-19T16:01:42.637+0000] {taskinstance.py:2170} INFO - Starting attempt 1 of 3
[2026-05-19T16:01:42.661+0000] {taskinstance.py:2191} INFO - Executing <Task(PythonOperator): run_quality_checks> on 2026-05-19 16:01:32.690921+00:00
[2026-05-19T16:01:42.670+0000] {standard_task_runner.py:60} INFO - Started process 1405 to run task
[2026-05-19T16:01:42.674+0000] {standard_task_runner.py:87} INFO - Running: ['***', 'tasks', 'run', 'canal_moins_viewing_events_pipeline', 'run_quality_checks', 'manual__2026-05-19T16:01:32.690921+00:00', '--job-id', '10', '--raw', '--subdir', 'DAGS_FOLDER/canal_moins_pipeline.py', '--cfg-path', '/tmp/tmpskbmcpbi']
[2026-05-19T16:01:42.677+0000] {standard_task_runner.py:88} INFO - Job 10: Subtask run_quality_checks
[2026-05-19T16:01:42.797+0000] {task_command.py:423} INFO - Running <TaskInstance: canal_moins_viewing_events_pipeline.run_quality_checks manual__2026-05-19T16:01:32.690921+00:00 [running]> on host c0d6bab3a033
[2026-05-19T16:01:42.957+0000] {taskinstance.py:2480} INFO - Exporting env vars: AIRFLOW_CTX_DAG_OWNER='canal-moins-data-team' AIRFLOW_CTX_DAG_ID='canal_moins_viewing_events_pipeline' AIRFLOW_CTX_TASK_ID='run_quality_checks' AIRFLOW_CTX_EXECUTION_DATE='2026-05-19T16:01:32.690921+00:00' AIRFLOW_CTX_TRY_NUMBER='1' AIRFLOW_CTX_DAG_RUN_ID='manual__2026-05-19T16:01:32.690921+00:00'
[2026-05-19T16:01:42.960+0000] {canal_moins_pipeline.py:203} INFO - 🔍 Running data quality checks on Bronze layer...
[2026-05-19T16:01:42.978+0000] {canal_moins_pipeline.py:265} INFO - 📊 Quality Report:
[2026-05-19T16:01:42.979+0000] {canal_moins_pipeline.py:267} INFO -   total_rows: 1000
[2026-05-19T16:01:42.980+0000] {canal_moins_pipeline.py:267} INFO -   null_subscribers: 0
[2026-05-19T16:01:42.980+0000] {canal_moins_pipeline.py:267} INFO -   invalid_completion: 0
[2026-05-19T16:01:42.981+0000] {canal_moins_pipeline.py:267} INFO -   unknown_countries: 0
[2026-05-19T16:01:42.983+0000] {canal_moins_pipeline.py:267} INFO -   fresh_rows: 1000
[2026-05-19T16:01:42.984+0000] {canal_moins_pipeline.py:267} INFO -   quality_score: 100.0
[2026-05-19T16:01:42.985+0000] {canal_moins_pipeline.py:275} INFO - ✅ Quality check passed: 100.0%
[2026-05-19T16:01:43.014+0000] {python.py:201} INFO - Done. Returned value was: 100.0
[2026-05-19T16:01:43.059+0000] {taskinstance.py:1138} INFO - Marking task as SUCCESS. dag_id=canal_moins_viewing_events_pipeline, task_id=run_quality_checks, execution_date=20260519T160132, start_date=20260519T160142, end_date=20260519T160143
[2026-05-19T16:01:43.089+0000] {local_task_job_runner.py:234} INFO - Task exited with return code 0
[2026-05-19T16:01:43.129+0000] {taskinstance.py:3280} INFO - 1 downstream tasks scheduled from follow-on schedule check
