[2026-05-19T16:01:46.366+0000] {taskinstance.py:1956} INFO - Dependencies all met for dep_context=non-requeueable deps ti=<TaskInstance: canal_moins_viewing_events_pipeline.log_pipeline_summary manual__2026-05-19T16:01:32.690921+00:00 [queued]>
[2026-05-19T16:01:46.377+0000] {taskinstance.py:1956} INFO - Dependencies all met for dep_context=requeueable deps ti=<TaskInstance: canal_moins_viewing_events_pipeline.log_pipeline_summary manual__2026-05-19T16:01:32.690921+00:00 [queued]>
[2026-05-19T16:01:46.379+0000] {taskinstance.py:2170} INFO - Starting attempt 1 of 3
[2026-05-19T16:01:46.391+0000] {taskinstance.py:2191} INFO - Executing <Task(PythonOperator): log_pipeline_summary> on 2026-05-19 16:01:32.690921+00:00
[2026-05-19T16:01:46.396+0000] {standard_task_runner.py:60} INFO - Started process 1411 to run task
[2026-05-19T16:01:46.399+0000] {standard_task_runner.py:87} INFO - Running: ['***', 'tasks', 'run', 'canal_moins_viewing_events_pipeline', 'log_pipeline_summary', 'manual__2026-05-19T16:01:32.690921+00:00', '--job-id', '13', '--raw', '--subdir', 'DAGS_FOLDER/canal_moins_pipeline.py', '--cfg-path', '/tmp/tmpaknmquj7']
[2026-05-19T16:01:46.401+0000] {standard_task_runner.py:88} INFO - Job 13: Subtask log_pipeline_summary
[2026-05-19T16:01:46.487+0000] {task_command.py:423} INFO - Running <TaskInstance: canal_moins_viewing_events_pipeline.log_pipeline_summary manual__2026-05-19T16:01:32.690921+00:00 [running]> on host c0d6bab3a033
[2026-05-19T16:01:46.604+0000] {taskinstance.py:2480} INFO - Exporting env vars: AIRFLOW_CTX_DAG_OWNER='canal-moins-data-team' AIRFLOW_CTX_DAG_ID='canal_moins_viewing_events_pipeline' AIRFLOW_CTX_TASK_ID='log_pipeline_summary' AIRFLOW_CTX_EXECUTION_DATE='2026-05-19T16:01:32.690921+00:00' AIRFLOW_CTX_TRY_NUMBER='1' AIRFLOW_CTX_DAG_RUN_ID='manual__2026-05-19T16:01:32.690921+00:00'
[2026-05-19T16:01:46.661+0000] {canal_moins_pipeline.py:515} INFO - ============================================================
[2026-05-19T16:01:46.662+0000] {canal_moins_pipeline.py:516} INFO - 🏁 CANAL MOINS PIPELINE RUN SUMMARY
[2026-05-19T16:01:46.663+0000] {canal_moins_pipeline.py:517} INFO - ============================================================
[2026-05-19T16:01:46.663+0000] {canal_moins_pipeline.py:518} INFO -   Bronze events ingested : 500
[2026-05-19T16:01:46.664+0000] {canal_moins_pipeline.py:519} INFO -   Quality score          : 100.0%
[2026-05-19T16:01:46.665+0000] {canal_moins_pipeline.py:520} INFO -   Silver rows transformed: 1,500
[2026-05-19T16:01:46.665+0000] {canal_moins_pipeline.py:521} INFO -   Gold churn features    : 100
[2026-05-19T16:01:46.666+0000] {canal_moins_pipeline.py:522} INFO -   Status                 : ✅ SUCCESS
[2026-05-19T16:01:46.666+0000] {canal_moins_pipeline.py:523} INFO - ============================================================
[2026-05-19T16:01:46.667+0000] {python.py:201} INFO - Done. Returned value was: {'bronze': 500, 'quality': 100.0, 'silver': 1500, 'gold': 100}
[2026-05-19T16:01:46.700+0000] {taskinstance.py:1138} INFO - Marking task as SUCCESS. dag_id=canal_moins_viewing_events_pipeline, task_id=log_pipeline_summary, execution_date=20260519T160132, start_date=20260519T160146, end_date=20260519T160146
[2026-05-19T16:01:46.733+0000] {local_task_job_runner.py:234} INFO - Task exited with return code 0
[2026-05-19T16:01:46.754+0000] {taskinstance.py:3280} INFO - 0 downstream tasks scheduled from follow-on schedule check
